Started by an SCM change
Obtained module03/task11/sports-betting-application/Jenkinsfile from git https://git.epam.com/Valeriia_Biruk/JavaMentoring.git
Running in Durability level: MAX_SURVIVABILITY
[8mha:////4Iz4UHF2qZPOgaJFjXUW2XT/Hhhg+g55QfwGaX9zRDqnAAAApR+LCAAAAAAAAP9tjTEOwjAUQ3+KOrAycohUghExsUZZOEFIQkgb/d8mKe3EibgadyBQiQlLlmxL1nu+oE4RjhQdby12HpP2vA+jK4lPFLtroIm3dOGaMFGwXNpJkrGnpUrKFhaxClYC1hZ1oOTRZdiIVt1VExS65pxj2Q4CKm8GeAAThZxVzN8yR9jeRpMIf5y/AJj7DGxXvP/86jduZBmjwAAAAA==[0m[Pipeline] node
Running on [8mha:////4NMCct2W8fjF+tKVs6jNKt2KPY2sdKzMA32Zb6+R+nhKAAAAnh+LCAAAAAAAAP9b85aBtbiIQTGjNKU4P08vOT+vOD8nVc83PyU1x6OyILUoJzMv2y+/JJUBAhiZGBgqihhk0NSjKDWzXb3RdlLBUSYGJk8GtpzUvPSSDB8G5tKinBIGIZ+sxLJE/ZzEvHT94JKizLx0a6BxUmjGOUNodHsLgAz2EgZh/eT83ILSktQifY3cxGIgrakPAHib2iPIAAAA[0mJenkins in C:\Program Files (x86)\Jenkins\workspace\build_sport_betting_app
[8mha:////4LGoiJ4VHuW8KsEUpv6vTMxi4V24RS2w9A3siPYYsLApAAAApR+LCAAAAAAAAP9tjTEOwjAUQ3+KOrAycoh0gA0xsUZZOEFIQkgb/d8mKe3EibgadyBQiQlLlmxL1nu+oE4RjhQdby12HpP2vA+jK4lPFLtroIm3dOGaMFGwXNpJkrGnpUrKFhaxClYC1hZ1oOTRZdiIVt1VExS65pxj2Q4CKm8GeAAThZxVzN8yR9jeRpMIf5y/AJj7DGxXvP/86jfoP95RwAAAAA==[0m[Pipeline] {
[8mha:////4Gtymzj0o3QYKzjYNmYL+/fuFjYbZ1Yx3IVkzTXuVBSGAAAApR+LCAAAAAAAAP9tjTEOwjAUQ3+KOrAycoh0gQkxsUZZOEFIQkgb/d8mKe3EibgadyBQiQlLlmxL1nu+oE4RjhQdby12HpP2vA+jK4lPFLtroIm3dOGaMFGwXNpJkrGnpUrKFhaxClYC1hZ1oOTRZdiIVt1VExS65pxj2Q4CKm8GeAAThZxVzN8yR9jeRpMIf5y/AJj7DGxXvP/86jc09154wAAAAA==[0m[Pipeline] stage
[8mha:////4N5hnh+FbNiMltul39MCcfRwK0aOctIQip4ak5Ewk0VIAAAApR+LCAAAAAAAAP9tjTEOwjAUQ3+KOrAycoh0ggUxsUZZOEFIQkgb/d8mKe3EibgadyBQiQlLlmxL1nu+oE4RjhQdby12HpP2vA+jK4lPFLtroIm3dOGaMFGwXNpJkrGnpUrKFhaxClYC1hZ1oOTRZdiIVt1VExS65pxj2Q4CKm8GeAAThZxVzN8yR9jeRpMIf5y/AJj7DGxXvP/86jek7ggRwAAAAA==[0m[Pipeline] { (Git checkout)
[8mha:////4MZaGUAtGLBXED4ESRzBymFgxx6QgP1W8mDmuwhbmW34AAAAoh+LCAAAAAAAAP9tjTEOAiEURD9rLGwtPQTbaWGsbAmNJ0AWEZb8zwLrbuWJvJp3kLiJlZNMMm+a93rDOic4UbLcG+wdZu14DKOti0+U+lugiXu6ck2YKRguzSSpM+cFJRUDS1gDKwEbgzpQdmgLbIVXD9UGhba9lFS/o4DGdQM8gYlqLiqVL8wJdvexy4Q/z18BzLEA29ce4gfg7KmOvAAAAA==[0m[Pipeline] checkout
 > git.exe rev-parse --is-inside-work-tree # timeout=10
Fetching changes from the remote Git repository
 > git.exe config remote.origin.url https://git.epam.com/Valeriia_Biruk/JavaMentoring.git # timeout=10
Fetching upstream changes from https://git.epam.com/Valeriia_Biruk/JavaMentoring.git
 > git.exe --version # timeout=10
using GIT_ASKPASS to set credentials epam_git
 > git.exe fetch --tags --progress https://git.epam.com/Valeriia_Biruk/JavaMentoring.git +refs/heads/*:refs/remotes/origin/*
 > git.exe rev-parse "refs/remotes/origin/master^{commit}" # timeout=10
 > git.exe rev-parse "refs/remotes/origin/origin/master^{commit}" # timeout=10
Checking out Revision d8897ec74941384fdbb7df523c399eee0c82609e (refs/remotes/origin/master)
 > git.exe config core.sparsecheckout # timeout=10
 > git.exe checkout -f d8897ec74941384fdbb7df523c399eee0c82609e
Commit message: "added nexus deployment to pom and jenkinsfile"
 > git.exe rev-list --no-walk bf34e1802a73ff8b6f4cb3697f2b7361757b0aec # timeout=10
[8mha:////4JPE21PxlXoMOcDbi60tPfDSWW/2j18SyHRHcyzPK3B9AAAAoh+LCAAAAAAAAP9tjTEOAiEURD9rLGwtPQTbGRNjZUtoPAGyiLDkfxZYdytP5NW8g8RNrJxkknnTvNcb1jnBiZLl3mDvMGvHYxhtXXyi1N8CTdzTlWvCTMFwaSZJnTkvKKkYWMIaWAnYGNSBskNbYCu8eqg2KLTtpaT6HQU0rhvgCUxUc1GpfGFOsLuPXSb8ef4KYI6xADvU7j9Dg2gqvAAAAA==[0m[Pipeline] }
[8mha:////4CfcBMZ5TSyPra2hv9aGbADrQ9D874nDyAnwbZLH40V9AAAAoh+LCAAAAAAAAP9tjTEOAiEURD9rLGwtPQRbWRhjZUtoPAGyiLDkfxZYdytP5NW8g8RNrJxkknnTvNcb1jnBiZLl3mDvMGvHYxhtXXyi1N8CTdzTlWvCTMFwaSZJnTkvKKkYWMIaWAnYGNSBskNbYCu8eqg2KLTtpaT6HQU0rhvgCUxUc1GpfGFOsLuPXSb8ef4KYI6xADvU7j9J+wGOvAAAAA==[0m[Pipeline] // stage
[8mha:////4Hvrmo8q+3VZ11RrR+ll2nOWUKymfnrNhgfC5nI3DrM1AAAAph+LCAAAAAAAAP9tjTEOwjAQBM9BKWgpeYQDEh2iorXc8AITG+PEugv2haTiRXyNPxCIRMVWOyut5vmCMic4UPKycdgGzHWQXez91ORAqb1EGmRDZ1kTZopOajdosu44oyZ2MEcUsFCwdFhHygE9w0o15m6qaNBXJ07TtldQBHuDBwg1mdkk/sKYYH3tbSb8ef4KYOwYxI6h2G4+x/INtuQqUcEAAAA=[0m[Pipeline] stage
[8mha:////4PbRie0uc69G3DsbHy32yBMakRRtVtStr6+IEwqw4IygAAAApR+LCAAAAAAAAP9tjTEOwjAUQ3+DOrAycoiUzoiJNerCCUITQtLo/zZJSSdOxNW4Ay2VmPBg2Zas93pDGQOcKBjuNHYWY2t570czJ54pdDdPmTu68pYwkte80bkhpc9rbShpWFUw2AjYamw9RYsmwU44+ZCVl2iqSwrzdhTArBrgCYWYyUmG9C1TgP19VJHwx/kLgKlPwOrDYvXyLD8BobDcwgAAAA==[0m[Pipeline] { (Build)
[8mha:////4JQ0cJ7OseQW9gtu8ovxWAk/R6NggsFnAbLfZ281eXIuAAAAox+LCAAAAAAAAP9tjTESwiAURH/iWNhaeggysXWsbBkaT4AJIoT5nwCRVJ7Iq3kH0cxYucXOvm3e8wXrGOBIQTOrcDAYO8O8m3RZLFMYro4ys3RhHWEkp5hQWVCvTgsKSgqWVDWsOGwUdo6iQZ1gy628y8ZJ1M05hfIdONSmH+EBFS/mJEP6whxgd5v6SPjz/BXA7BPUbfupvX8DpQJrNb4AAAA=[0m[Pipeline] sh
+ ls
module01
module02
module03
+ cd module03/task11/sports-betting-application/
+ ls
AdvancedAscii.java
Jenkinsfile
checkstyle_rules.xml
eclipse_code_cleanup.xml
eclipse_formatter.xml
findbugs.epf
pmd-rules.xml
pom.xml
sports-betting-application-app
sports-betting-application-domain
target
+ mvn clean deploy
[INFO] Scanning for projects...
[WARNING] 
[WARNING] Some problems were encountered while building the effective model for com.epam.training:sports-betting-application-domain:jar:1.0-SNAPSHOT
[WARNING] 'build.plugins.plugin.(groupId:artifactId)' must be unique but found duplicate declaration of plugin org.apache.maven.plugins:maven-surefire-plugin @ line 24, column 21
[WARNING] 'build.plugins.plugin.version' for org.jacoco:jacoco-maven-plugin is missing. @ com.epam.training:sports-betting-application:1.0-SNAPSHOT, C:\Program Files (x86)\Jenkins\workspace\build_sport_betting_app\module03\task11\sports-betting-application\pom.xml, line 126, column 15
[WARNING] 
[WARNING] Some problems were encountered while building the effective model for com.epam.training:sports-betting-application-app:jar:1.0-SNAPSHOT
[WARNING] 'build.plugins.plugin.(groupId:artifactId)' must be unique but found duplicate declaration of plugin org.apache.maven.plugins:maven-surefire-plugin @ line 48, column 21
[WARNING] 'build.plugins.plugin.version' for org.jacoco:jacoco-maven-plugin is missing. @ com.epam.training:sports-betting-application:1.0-SNAPSHOT, C:\Program Files (x86)\Jenkins\workspace\build_sport_betting_app\module03\task11\sports-betting-application\pom.xml, line 126, column 15
[WARNING] 
[WARNING] Some problems were encountered while building the effective model for com.epam.training:sports-betting-application:pom:1.0-SNAPSHOT
[WARNING] 'build.plugins.plugin.version' for org.jacoco:jacoco-maven-plugin is missing. @ line 126, column 15
[WARNING] 
[WARNING] It is highly recommended to fix these problems because they threaten the stability of your build.
[WARNING] 
[WARNING] For this reason, future Maven versions might no longer support building such malformed projects.
[WARNING] 
[INFO] ------------------------------------------------------------------------
[INFO] Reactor Build Order:
[INFO] 
[INFO] runner-betting-application                                         [pom]
[INFO] sports-betting-application-domain                                  [jar]
[INFO] sports-betting-application-app                                     [jar]
[INFO] 
[INFO] ------------< com.epam.training:sports-betting-application >------------
[INFO] Building runner-betting-application 1.0-SNAPSHOT                   [1/3]
[INFO] --------------------------------[ pom ]---------------------------------
[INFO] 
[INFO] --- maven-clean-plugin:3.0.0:clean (default-clean) @ sports-betting-application ---
[INFO] Deleting C:\Program Files (x86)\Jenkins\workspace\build_sport_betting_app\module03\task11\sports-betting-application\target
[INFO] 
[INFO] --- jacoco-maven-plugin:0.8.2:prepare-agent (agent-for-ut) @ sports-betting-application ---
[INFO] argLine set to "-javaagent:C:\\WINDOWS\\system32\\config\\systemprofile\\.m2\\repository\\org\\jacoco\\org.jacoco.agent\\0.8.2\\org.jacoco.agent-0.8.2-runtime.jar=destfile=C:\\Program Files (x86)\\Jenkins\\workspace\\build_sport_betting_app\\module03\\task11\\sports-betting-application\\..\\target\\jacoco.exec,append=true"
[INFO] 
[INFO] --- jacoco-maven-plugin:0.8.2:report (post-unit-test) @ sports-betting-application ---
[INFO] Skipping JaCoCo execution due to missing execution data file.
[INFO] 
[INFO] --- maven-install-plugin:2.5.2:install (default-install) @ sports-betting-application ---
[INFO] Installing C:\Program Files (x86)\Jenkins\workspace\build_sport_betting_app\module03\task11\sports-betting-application\pom.xml to C:\WINDOWS\system32\config\systemprofile\.m2\repository\com\epam\training\sports-betting-application\1.0-SNAPSHOT\sports-betting-application-1.0-SNAPSHOT.pom
[INFO] 
[INFO] --- maven-deploy-plugin:2.8.2:deploy (default-deploy) @ sports-betting-application ---
Downloading from nexus: http://localhost:8081/repository/maven-snapshots/com/epam/training/sports-betting-application/1.0-SNAPSHOT/maven-metadata.xml
Progress (1): 616 B                   Downloaded from nexus: http://localhost:8081/repository/maven-snapshots/com/epam/training/sports-betting-application/1.0-SNAPSHOT/maven-metadata.xml (616 B at 2.9 kB/s)
Uploading to nexus: http://localhost:8081/repository/maven-snapshots/com/epam/training/sports-betting-application/1.0-SNAPSHOT/sports-betting-application-1.0-20181121.125535-2.pom
Progress (1): 2.0/7.8 kBProgress (1): 4.1/7.8 kBProgress (1): 6.1/7.8 kBProgress (1): 7.8 kB                        Uploaded to nexus: http://localhost:8081/repository/maven-snapshots/com/epam/training/sports-betting-application/1.0-SNAPSHOT/sports-betting-application-1.0-20181121.125535-2.pom (7.8 kB at 24 kB/s)
Downloading from nexus: http://localhost:8081/repository/maven-snapshots/com/epam/training/sports-betting-application/maven-metadata.xml
Progress (1): 301 B                   Downloaded from nexus: http://localhost:8081/repository/maven-snapshots/com/epam/training/sports-betting-application/maven-metadata.xml (301 B at 6.0 kB/s)
Uploading to nexus: http://localhost:8081/repository/maven-snapshots/com/epam/training/sports-betting-application/1.0-SNAPSHOT/maven-metadata.xml
Progress (1): 616 B                   Uploaded to nexus: http://localhost:8081/repository/maven-snapshots/com/epam/training/sports-betting-application/1.0-SNAPSHOT/maven-metadata.xml (616 B at 1.0 kB/s)
Uploading to nexus: http://localhost:8081/repository/maven-snapshots/com/epam/training/sports-betting-application/maven-metadata.xml
Progress (1): 301 B                   Uploaded to nexus: http://localhost:8081/repository/maven-snapshots/com/epam/training/sports-betting-application/maven-metadata.xml (301 B at 1.1 kB/s)
[INFO] 
[INFO] --------< com.epam.training:sports-betting-application-domain >---------
[INFO] Building sports-betting-application-domain 1.0-SNAPSHOT            [2/3]
[INFO] --------------------------------[ jar ]---------------------------------
[INFO] 
[INFO] --- maven-clean-plugin:3.0.0:clean (default-clean) @ sports-betting-application-domain ---
[INFO] Deleting C:\Program Files (x86)\Jenkins\workspace\build_sport_betting_app\module03\task11\sports-betting-application\sports-betting-application-domain\target
[INFO] 
[INFO] --- jacoco-maven-plugin:0.8.2:prepare-agent (agent-for-ut) @ sports-betting-application-domain ---
[INFO] argLine set to "-javaagent:C:\\WINDOWS\\system32\\config\\systemprofile\\.m2\\repository\\org\\jacoco\\org.jacoco.agent\\0.8.2\\org.jacoco.agent-0.8.2-runtime.jar=destfile=C:\\Program Files (x86)\\Jenkins\\workspace\\build_sport_betting_app\\module03\\task11\\sports-betting-application\\sports-betting-application-domain\\..\\target\\jacoco.exec,append=true"
[INFO] 
[INFO] --- maven-resources-plugin:3.0.2:resources (default-resources) @ sports-betting-application-domain ---
[INFO] Using 'UTF-8' encoding to copy filtered resources.
[INFO] skip non existing resourceDirectory C:\Program Files (x86)\Jenkins\workspace\build_sport_betting_app\module03\task11\sports-betting-application\sports-betting-application-domain\src\main\resources
[INFO] 
[INFO] --- maven-compiler-plugin:3.7.0:compile (default-compile) @ sports-betting-application-domain ---
[INFO] Changes detected - recompiling the module!
[INFO] Compiling 24 source files to C:\Program Files (x86)\Jenkins\workspace\build_sport_betting_app\module03\task11\sports-betting-application\sports-betting-application-domain\target\classes
[INFO] 
[INFO] --- maven-resources-plugin:3.0.2:testResources (default-testResources) @ sports-betting-application-domain ---
[INFO] Using 'UTF-8' encoding to copy filtered resources.
[INFO] skip non existing resourceDirectory C:\Program Files (x86)\Jenkins\workspace\build_sport_betting_app\module03\task11\sports-betting-application\sports-betting-application-domain\src\test\resources
[INFO] 
[INFO] --- maven-compiler-plugin:3.7.0:testCompile (default-testCompile) @ sports-betting-application-domain ---
[INFO] No sources to compile
[INFO] 
[INFO] --- maven-surefire-plugin:2.18.1:test (default-test) @ sports-betting-application-domain ---
[INFO] No tests to run.
[INFO] 
[INFO] --- jacoco-maven-plugin:0.8.2:report (post-unit-test) @ sports-betting-application-domain ---
[INFO] Skipping JaCoCo execution due to missing execution data file.
[INFO] 
[INFO] --- maven-jar-plugin:3.0.2:jar (default-jar) @ sports-betting-application-domain ---
[INFO] Building jar: C:\Program Files (x86)\Jenkins\workspace\build_sport_betting_app\module03\task11\sports-betting-application\sports-betting-application-domain\target\sports-betting-application-domain-1.0-SNAPSHOT.jar
[INFO] 
[INFO] --- maven-install-plugin:2.5.2:install (default-install) @ sports-betting-application-domain ---
[INFO] Installing C:\Program Files (x86)\Jenkins\workspace\build_sport_betting_app\module03\task11\sports-betting-application\sports-betting-application-domain\target\sports-betting-application-domain-1.0-SNAPSHOT.jar to C:\WINDOWS\system32\config\systemprofile\.m2\repository\com\epam\training\sports-betting-application-domain\1.0-SNAPSHOT\sports-betting-application-domain-1.0-SNAPSHOT.jar
[INFO] Installing C:\Program Files (x86)\Jenkins\workspace\build_sport_betting_app\module03\task11\sports-betting-application\sports-betting-application-domain\pom.xml to C:\WINDOWS\system32\config\systemprofile\.m2\repository\com\epam\training\sports-betting-application-domain\1.0-SNAPSHOT\sports-betting-application-domain-1.0-SNAPSHOT.pom
[INFO] 
[INFO] --- maven-deploy-plugin:2.8.2:deploy (default-deploy) @ sports-betting-application-domain ---
Downloading from nexus: http://localhost:8081/repository/maven-snapshots/com/epam/training/sports-betting-application-domain/1.0-SNAPSHOT/maven-metadata.xml
Progress (1): 794 B                   Downloaded from nexus: http://localhost:8081/repository/maven-snapshots/com/epam/training/sports-betting-application-domain/1.0-SNAPSHOT/maven-metadata.xml (794 B at 18 kB/s)
Uploading to nexus: http://localhost:8081/repository/maven-snapshots/com/epam/training/sports-betting-application-domain/1.0-SNAPSHOT/sports-betting-application-domain-1.0-20181121.125542-2.jar
Progress (1): 2.0/26 kBProgress (1): 4.1/26 kBProgress (1): 6.1/26 kBProgress (1): 8.2/26 kBProgress (1): 10/26 kB Progress (1): 12/26 kBProgress (1): 14/26 kBProgress (1): 16/26 kBProgress (1): 18/26 kBProgress (1): 20/26 kBProgress (1): 23/26 kBProgress (1): 25/26 kBProgress (1): 26 kB                      Uploaded to nexus: http://localhost:8081/repository/maven-snapshots/com/epam/training/sports-betting-application-domain/1.0-SNAPSHOT/sports-betting-application-domain-1.0-20181121.125542-2.jar (26 kB at 87 kB/s)
Uploading to nexus: http://localhost:8081/repository/maven-snapshots/com/epam/training/sports-betting-application-domain/1.0-SNAPSHOT/sports-betting-application-domain-1.0-20181121.125542-2.pom
Progress (1): 1.8 kB                    Uploaded to nexus: http://localhost:8081/repository/maven-snapshots/com/epam/training/sports-betting-application-domain/1.0-SNAPSHOT/sports-betting-application-domain-1.0-20181121.125542-2.pom (1.8 kB at 8.9 kB/s)
Downloading from nexus: http://localhost:8081/repository/maven-snapshots/com/epam/training/sports-betting-application-domain/maven-metadata.xml
Progress (1): 308 B                   Downloaded from nexus: http://localhost:8081/repository/maven-snapshots/com/epam/training/sports-betting-application-domain/maven-metadata.xml (308 B at 5.3 kB/s)
Uploading to nexus: http://localhost:8081/repository/maven-snapshots/com/epam/training/sports-betting-application-domain/1.0-SNAPSHOT/maven-metadata.xml
Progress (1): 794 B                   Uploaded to nexus: http://localhost:8081/repository/maven-snapshots/com/epam/training/sports-betting-application-domain/1.0-SNAPSHOT/maven-metadata.xml (794 B at 2.6 kB/s)
Uploading to nexus: http://localhost:8081/repository/maven-snapshots/com/epam/training/sports-betting-application-domain/maven-metadata.xml
Progress (1): 308 B                   Uploaded to nexus: http://localhost:8081/repository/maven-snapshots/com/epam/training/sports-betting-application-domain/maven-metadata.xml (308 B at 956 B/s)
[INFO] 
[INFO] ----------< com.epam.training:sports-betting-application-app >----------
[INFO] Building sports-betting-application-app 1.0-SNAPSHOT               [3/3]
[INFO] --------------------------------[ jar ]---------------------------------
[INFO] 
[INFO] --- maven-clean-plugin:3.0.0:clean (default-clean) @ sports-betting-application-app ---
[INFO] Deleting C:\Program Files (x86)\Jenkins\workspace\build_sport_betting_app\module03\task11\sports-betting-application\sports-betting-application-app\target
[INFO] 
[INFO] --- jacoco-maven-plugin:0.8.2:prepare-agent (agent-for-ut) @ sports-betting-application-app ---
[INFO] argLine set to "-javaagent:C:\\WINDOWS\\system32\\config\\systemprofile\\.m2\\repository\\org\\jacoco\\org.jacoco.agent\\0.8.2\\org.jacoco.agent-0.8.2-runtime.jar=destfile=C:\\Program Files (x86)\\Jenkins\\workspace\\build_sport_betting_app\\module03\\task11\\sports-betting-application\\sports-betting-application-app\\..\\target\\jacoco.exec,append=true"
[INFO] 
[INFO] --- maven-resources-plugin:3.0.2:resources (default-resources) @ sports-betting-application-app ---
[INFO] Using 'UTF-8' encoding to copy filtered resources.
[INFO] Copying 1 resource
[INFO] 
[INFO] --- maven-compiler-plugin:3.7.0:compile (default-compile) @ sports-betting-application-app ---
[INFO] Changes detected - recompiling the module!
[INFO] Compiling 17 source files to C:\Program Files (x86)\Jenkins\workspace\build_sport_betting_app\module03\task11\sports-betting-application\sports-betting-application-app\target\classes
[INFO] 
[INFO] --- maven-resources-plugin:3.0.2:testResources (default-testResources) @ sports-betting-application-app ---
[INFO] Using 'UTF-8' encoding to copy filtered resources.
[INFO] skip non existing resourceDirectory C:\Program Files (x86)\Jenkins\workspace\build_sport_betting_app\module03\task11\sports-betting-application\sports-betting-application-app\src\test\resources
[INFO] 
[INFO] --- maven-compiler-plugin:3.7.0:testCompile (default-testCompile) @ sports-betting-application-app ---
[INFO] Changes detected - recompiling the module!
[INFO] Compiling 10 source files to C:\Program Files (x86)\Jenkins\workspace\build_sport_betting_app\module03\task11\sports-betting-application\sports-betting-application-app\target\test-classes
[INFO] 
[INFO] --- maven-surefire-plugin:2.18.1:test (default-test) @ sports-betting-application-app ---
[INFO] Surefire report directory: C:\Program Files (x86)\Jenkins\workspace\build_sport_betting_app\module03\task11\sports-betting-application\sports-betting-application-app\target\surefire-reports

-------------------------------------------------------
 T E S T S
-------------------------------------------------------
Running runner.AppTest
Tests run: 1, Failures: 0, Errors: 0, Skipped: 0, Time elapsed: 0.073 sec - in runner.AppTest
Running runner.GameTest
> Hi, test 
> Your balance is: 10.0 EUR 
> Please choose an outcome to bet on! (choose a number or press q for quit) 
1: Bet on Test Sport Event sport event, --The winner will be test outcome. The odd on this is 5.0, valid from 2016-09-30 19:09 
> How much do you want to bet on it? 
> Your balance is: 10.0EUR 
> Please choose an outcome to bet on! (choose a number or press q for quit) 
1: Bet on Test Sport Event sport event, --The winner will be test outcome. The odd on this is 5.0, valid from 2016-09-30 19:09 
Outcome with value test outcome has won 
You have won 0.0 
> Hi, test 
> Your balance is: 10.0 EUR 
> Please choose an outcome to bet on! (choose a number or press q for quit) 
1: Bet on Test Sport Event sport event, --The winner will be test outcome. The odd on this is 5.0, valid from 2016-09-30 19:09 
Outcome with value test outcome has won 
Tests run: 2, Failures: 0, Errors: 0, Skipped: 0, Time elapsed: 3.269 sec - in runner.GameTest
Running service.BetCalculationServiceTest
Tests run: 5, Failures: 0, Errors: 0, Skipped: 0, Time elapsed: 0.001 sec - in service.BetCalculationServiceTest
Running utils.ConsoleReaderTest
Enter String 
Tests run: 1, Failures: 0, Errors: 0, Skipped: 0, Time elapsed: 0.325 sec - in utils.ConsoleReaderTest
Running utils.DataUtilsTest
Tests run: 7, Failures: 0, Errors: 0, Skipped: 0, Time elapsed: 0.004 sec - in utils.DataUtilsTest
Running utils.PrinterTest
Tests run: 3, Failures: 0, Errors: 0, Skipped: 0, Time elapsed: 0.001 sec - in utils.PrinterTest
Running utils.validation.CurrencyValidatorTest
Tests run: 4, Failures: 0, Errors: 0, Skipped: 0, Time elapsed: 0.001 sec - in utils.validation.CurrencyValidatorTest
Running utils.validation.DateValidatorTest
Tests run: 2, Failures: 0, Errors: 0, Skipped: 0, Time elapsed: 0.004 sec - in utils.validation.DateValidatorTest
Running utils.validation.DoubleValidatorTest
Tests run: 2, Failures: 0, Errors: 0, Skipped: 0, Time elapsed: 0.001 sec - in utils.validation.DoubleValidatorTest
Running utils.validation.OptionValidatorTest
Tests run: 4, Failures: 0, Errors: 0, Skipped: 0, Time elapsed: 0 sec - in utils.validation.OptionValidatorTest

Results :

Tests run: 31, Failures: 0, Errors: 0, Skipped: 0

[INFO] 
[INFO] --- jacoco-maven-plugin:0.8.2:report (post-unit-test) @ sports-betting-application-app ---
[INFO] Loading execution data file C:\Program Files (x86)\Jenkins\workspace\build_sport_betting_app\module03\task11\sports-betting-application\sports-betting-application-app\..\target\jacoco.exec
[INFO] Analyzed bundle 'sports-betting-application-app' with 15 classes
[INFO] 
[INFO] --- maven-jar-plugin:3.0.2:jar (default-jar) @ sports-betting-application-app ---
[INFO] Building jar: C:\Program Files (x86)\Jenkins\workspace\build_sport_betting_app\module03\task11\sports-betting-application\sports-betting-application-app\target\sports-betting-application-app-1.0-SNAPSHOT.jar
[INFO] 
[INFO] --- maven-assembly-plugin:2.2-beta-5:single (make-assembly) @ sports-betting-application-app ---
[INFO] META-INF/MANIFEST.MF already added, skipping
[INFO] META-INF/ already added, skipping
[INFO] META-INF/maven/ already added, skipping
[INFO] META-INF/MANIFEST.MF already added, skipping
[INFO] META-INF/ already added, skipping
[INFO] com/ already added, skipping
[INFO] com/google/ already added, skipping
[INFO] com/google/common/ already added, skipping
[INFO] com/google/common/util/ already added, skipping
[INFO] com/google/common/util/concurrent/ already added, skipping
[INFO] com/google/common/util/concurrent/internal/ already added, skipping
[INFO] META-INF/maven/ already added, skipping
[INFO] META-INF/maven/com.google.guava/ already added, skipping
[INFO] com/google/common/util/concurrent/internal/InternalFutureFailureAccess.class already added, skipping
[INFO] com/google/common/util/concurrent/internal/InternalFutures.class already added, skipping
[INFO] META-INF/MANIFEST.MF already added, skipping
[INFO] META-INF/ already added, skipping
[INFO] META-INF/maven/ already added, skipping
[INFO] META-INF/maven/com.google.guava/ already added, skipping
[INFO] META-INF/ already added, skipping
[INFO] META-INF/MANIFEST.MF already added, skipping
[INFO] META-INF/maven/ already added, skipping
[INFO] META-INF/ already added, skipping
[INFO] META-INF/MANIFEST.MF already added, skipping
[INFO] META-INF/ already added, skipping
[INFO] META-INF/MANIFEST.MF already added, skipping
[INFO] com/ already added, skipping
[INFO] com/google/ already added, skipping
[INFO] META-INF/maven/ already added, skipping
[INFO] META-INF/ already added, skipping
[INFO] META-INF/MANIFEST.MF already added, skipping
[INFO] com/ already added, skipping
[INFO] com/google/ already added, skipping
[INFO] META-INF/maven/ already added, skipping
[INFO] META-INF/MANIFEST.MF already added, skipping
[INFO] META-INF/ already added, skipping
[INFO] org/ already added, skipping
[INFO] META-INF/maven/ already added, skipping
[INFO] META-INF/ already added, skipping
[INFO] META-INF/MANIFEST.MF already added, skipping
[INFO] org/ already added, skipping
[INFO] META-INF/maven/ already added, skipping
[INFO] META-INF/ already added, skipping
[INFO] META-INF/MANIFEST.MF already added, skipping
[INFO] ch/ already added, skipping
[INFO] ch/qos/ already added, skipping
[INFO] ch/qos/logback/ already added, skipping
[INFO] META-INF/maven/ already added, skipping
[INFO] META-INF/maven/ch.qos.logback/ already added, skipping
[INFO] META-INF/ already added, skipping
[INFO] META-INF/MANIFEST.MF already added, skipping
[INFO] org/ already added, skipping
[INFO] org/slf4j/ already added, skipping
[INFO] META-INF/maven/ already added, skipping
[INFO] META-INF/MANIFEST.MF already added, skipping
[INFO] META-INF/ already added, skipping
[INFO] org/ already added, skipping
[INFO] META-INF/maven/ already added, skipping
[INFO] META-INF/MANIFEST.MF already added, skipping
[INFO] META-INF/ already added, skipping
[INFO] org/ already added, skipping
[INFO] org/apache/ already added, skipping
[INFO] org/apache/commons/ already added, skipping
[INFO] META-INF/maven/ already added, skipping
[INFO] META-INF/LICENSE.txt already added, skipping
[INFO] META-INF/NOTICE.txt already added, skipping
[INFO] META-INF/MANIFEST.MF already added, skipping
[INFO] META-INF/ already added, skipping
[INFO] org/ already added, skipping
[INFO] org/apache/ already added, skipping
[INFO] org/apache/commons/ already added, skipping
[INFO] META-INF/maven/ already added, skipping
[INFO] META-INF/maven/org.apache.commons/ already added, skipping
[INFO] META-INF/LICENSE.txt already added, skipping
[INFO] META-INF/NOTICE.txt already added, skipping
[INFO] META-INF/ already added, skipping
[INFO] META-INF/MANIFEST.MF already added, skipping
[INFO] com/ already added, skipping
[INFO] Building jar: C:\Program Files (x86)\Jenkins\workspace\build_sport_betting_app\module03\task11\sports-betting-application\sports-betting-application-app\target\sports-betting-application-app-1.0-SNAPSHOT-jar-with-dependencies.jar
[INFO] META-INF/MANIFEST.MF already added, skipping
[INFO] META-INF/ already added, skipping
[INFO] META-INF/maven/ already added, skipping
[INFO] META-INF/MANIFEST.MF already added, skipping
[INFO] META-INF/ already added, skipping
[INFO] com/ already added, skipping
[INFO] com/google/ already added, skipping
[INFO] com/google/common/ already added, skipping
[INFO] com/google/common/util/ already added, skipping
[INFO] com/google/common/util/concurrent/ already added, skipping
[INFO] com/google/common/util/concurrent/internal/ already added, skipping
[INFO] META-INF/maven/ already added, skipping
[INFO] META-INF/maven/com.google.guava/ already added, skipping
[INFO] com/google/common/util/concurrent/internal/InternalFutureFailureAccess.class already added, skipping
[INFO] com/google/common/util/concurrent/internal/InternalFutures.class already added, skipping
[INFO] META-INF/MANIFEST.MF already added, skipping
[INFO] META-INF/ already added, skipping
[INFO] META-INF/maven/ already added, skipping
[INFO] META-INF/maven/com.google.guava/ already added, skipping
[INFO] META-INF/ already added, skipping
[INFO] META-INF/MANIFEST.MF already added, skipping
[INFO] META-INF/maven/ already added, skipping
[INFO] META-INF/ already added, skipping
[INFO] META-INF/MANIFEST.MF already added, skipping
[INFO] META-INF/ already added, skipping
[INFO] META-INF/MANIFEST.MF already added, skipping
[INFO] com/ already added, skipping
[INFO] com/google/ already added, skipping
[INFO] META-INF/maven/ already added, skipping
[INFO] META-INF/ already added, skipping
[INFO] META-INF/MANIFEST.MF already added, skipping
[INFO] com/ already added, skipping
[INFO] com/google/ already added, skipping
[INFO] META-INF/maven/ already added, skipping
[INFO] META-INF/MANIFEST.MF already added, skipping
[INFO] META-INF/ already added, skipping
[INFO] org/ already added, skipping
[INFO] META-INF/maven/ already added, skipping
[INFO] META-INF/ already added, skipping
[INFO] META-INF/MANIFEST.MF already added, skipping
[INFO] org/ already added, skipping
[INFO] META-INF/maven/ already added, skipping
[INFO] META-INF/ already added, skipping
[INFO] META-INF/MANIFEST.MF already added, skipping
[INFO] ch/ already added, skipping
[INFO] ch/qos/ already added, skipping
[INFO] ch/qos/logback/ already added, skipping
[INFO] META-INF/maven/ already added, skipping
[INFO] META-INF/maven/ch.qos.logback/ already added, skipping
[INFO] META-INF/ already added, skipping
[INFO] META-INF/MANIFEST.MF already added, skipping
[INFO] org/ already added, skipping
[INFO] org/slf4j/ already added, skipping
[INFO] META-INF/maven/ already added, skipping
[INFO] META-INF/MANIFEST.MF already added, skipping
[INFO] META-INF/ already added, skipping
[INFO] org/ already added, skipping
[INFO] META-INF/maven/ already added, skipping
[INFO] META-INF/MANIFEST.MF already added, skipping
[INFO] META-INF/ already added, skipping
[INFO] org/ already added, skipping
[INFO] org/apache/ already added, skipping
[INFO] org/apache/commons/ already added, skipping
[INFO] META-INF/maven/ already added, skipping
[INFO] META-INF/LICENSE.txt already added, skipping
[INFO] META-INF/NOTICE.txt already added, skipping
[INFO] META-INF/MANIFEST.MF already added, skipping
[INFO] META-INF/ already added, skipping
[INFO] org/ already added, skipping
[INFO] org/apache/ already added, skipping
[INFO] org/apache/commons/ already added, skipping
[INFO] META-INF/maven/ already added, skipping
[INFO] META-INF/maven/org.apache.commons/ already added, skipping
[INFO] META-INF/LICENSE.txt already added, skipping
[INFO] META-INF/NOTICE.txt already added, skipping
[INFO] META-INF/ already added, skipping
[INFO] META-INF/MANIFEST.MF already added, skipping
[INFO] com/ already added, skipping
[INFO] 
[INFO] --- maven-install-plugin:2.5.2:install (default-install) @ sports-betting-application-app ---
[INFO] Installing C:\Program Files (x86)\Jenkins\workspace\build_sport_betting_app\module03\task11\sports-betting-application\sports-betting-application-app\target\sports-betting-application-app-1.0-SNAPSHOT.jar to C:\WINDOWS\system32\config\systemprofile\.m2\repository\com\epam\training\sports-betting-application-app\1.0-SNAPSHOT\sports-betting-application-app-1.0-SNAPSHOT.jar
[INFO] Installing C:\Program Files (x86)\Jenkins\workspace\build_sport_betting_app\module03\task11\sports-betting-application\sports-betting-application-app\pom.xml to C:\WINDOWS\system32\config\systemprofile\.m2\repository\com\epam\training\sports-betting-application-app\1.0-SNAPSHOT\sports-betting-application-app-1.0-SNAPSHOT.pom
[INFO] Installing C:\Program Files (x86)\Jenkins\workspace\build_sport_betting_app\module03\task11\sports-betting-application\sports-betting-application-app\target\sports-betting-application-app-1.0-SNAPSHOT-jar-with-dependencies.jar to C:\WINDOWS\system32\config\systemprofile\.m2\repository\com\epam\training\sports-betting-application-app\1.0-SNAPSHOT\sports-betting-application-app-1.0-SNAPSHOT-jar-with-dependencies.jar
[INFO] 
[INFO] --- maven-deploy-plugin:2.8.2:deploy (default-deploy) @ sports-betting-application-app ---
Downloading from nexus: http://localhost:8081/repository/maven-snapshots/com/epam/training/sports-betting-application-app/1.0-SNAPSHOT/maven-metadata.xml
Progress (1): 1.0 kB                    Downloaded from nexus: http://localhost:8081/repository/maven-snapshots/com/epam/training/sports-betting-application-app/1.0-SNAPSHOT/maven-metadata.xml (1.0 kB at 29 kB/s)
Uploading to nexus: http://localhost:8081/repository/maven-snapshots/com/epam/training/sports-betting-application-app/1.0-SNAPSHOT/sports-betting-application-app-1.0-20181121.125605-2.jar
Progress (1): 2.0/20 kBProgress (1): 4.1/20 kBProgress (1): 6.1/20 kBProgress (1): 8.2/20 kBProgress (1): 10/20 kB Progress (1): 12/20 kBProgress (1): 14/20 kBProgress (1): 16/20 kBProgress (1): 18/20 kBProgress (1): 20 kB                      Uploaded to nexus: http://localhost:8081/repository/maven-snapshots/com/epam/training/sports-betting-application-app/1.0-SNAPSHOT/sports-betting-application-app-1.0-20181121.125605-2.jar (20 kB at 101 kB/s)
Uploading to nexus: http://localhost:8081/repository/maven-snapshots/com/epam/training/sports-betting-application-app/1.0-SNAPSHOT/sports-betting-application-app-1.0-20181121.125605-2.pom
Progress (1): 2.0/3.8 kBProgress (1): 3.8 kB                        Uploaded to nexus: http://localhost:8081/repository/maven-snapshots/com/epam/training/sports-betting-application-app/1.0-SNAPSHOT/sports-betting-application-app-1.0-20181121.125605-2.pom (3.8 kB at 20 kB/s)
Downloading from nexus: http://localhost:8081/repository/maven-snapshots/com/epam/training/sports-betting-application-app/maven-metadata.xml
Progress (1): 305 B                   Downloaded from nexus: http://localhost:8081/repository/maven-snapshots/com/epam/training/sports-betting-application-app/maven-metadata.xml (305 B at 4.6 kB/s)
Uploading to nexus: http://localhost:8081/repository/maven-snapshots/com/epam/training/sports-betting-application-app/1.0-SNAPSHOT/maven-metadata.xml
Progress (1): 1.0 kB                    Uploaded to nexus: http://localhost:8081/repository/maven-snapshots/com/epam/training/sports-betting-application-app/1.0-SNAPSHOT/maven-metadata.xml (1.0 kB at 4.0 kB/s)
Uploading to nexus: http://localhost:8081/repository/maven-snapshots/com/epam/training/sports-betting-application-app/maven-metadata.xml
Progress (1): 305 B                   Uploaded to nexus: http://localhost:8081/repository/maven-snapshots/com/epam/training/sports-betting-application-app/maven-metadata.xml (305 B at 1.3 kB/s)
Uploading to nexus: http://localhost:8081/repository/maven-snapshots/com/epam/training/sports-betting-application-app/1.0-SNAPSHOT/sports-betting-application-app-1.0-20181121.125605-2-jar-with-dependencies.jar
Progress (1): 0/5.6 MBProgress (1): 0/5.6 MBProgress (1): 0/5.6 MBProgress (1): 0/5.6 MBProgress (1): 0/5.6 MBProgress (1): 0/5.6 MBProgress (1): 0/5.6 MBProgress (1): 0/5.6 MBProgress (1): 0/5.6 MBProgress (1): 0/5.6 MBProgress (1): 0/5.6 MBProgress (1): 0/5.6 MBProgress (1): 0/5.6 MBProgress (1): 0/5.6 MBProgress (1): 0/5.6 MBProgress (1): 0/5.6 MBProgress (1): 0/5.6 MBProgress (1): 0/5.6 MBProgress (1): 0/5.6 MBProgress (1): 0/5.6 MBProgress (1): 0/5.6 MBProgress (1): 0/5.6 MBProgress (1): 0/5.6 MBProgress (1): 0/5.6 MBProgress (1): 0.1/5.6 MBProgress (1): 0.1/5.6 MBProgress (1): 0.1/5.6 MBProgress (1): 0.1/5.6 MBProgress (1): 0.1/5.6 MBProgress (1): 0.1/5.6 MBProgress (1): 0.1/5.6 MBProgress (1): 0.1/5.6 MBProgress (1): 0.1/5.6 MBProgress (1): 0.1/5.6 MBProgress (1): 0.1/5.6 MBProgress (1): 0.1/5.6 MBProgress (1): 0.1/5.6 MBProgress (1): 0.1/5.6 MBProgress (1): 0.1/5.6 MBProgress (1): 0.1/5.6 MBProgress (1): 0.1/5.6 MBProgress (1): 0.1/5.6 MBProgress (1): 0.1/5.6 MBProgress (1): 0.1/5.6 MBProgress (1): 0.1/5.6 MBProgress (1): 0.1/5.6 MBProgress (1): 0.1/5.6 MBProgress (1): 0.1/5.6 MBProgress (1): 0.1/5.6 MBProgress (1): 0.1/5.6 MBProgress (1): 0.1/5.6 MBProgress (1): 0.1/5.6 MBProgress (1): 0.1/5.6 MBProgress (1): 0.1/5.6 MBProgress (1): 0.1/5.6 MBProgress (1): 0.1/5.6 MBProgress (1): 0.1/5.6 MBProgress (1): 0.1/5.6 MBProgress (1): 0.1/5.6 MBProgress (1): 0.1/5.6 MBProgress (1): 0.1/5.6 MBProgress (1): 0.1/5.6 MBProgress (1): 0.1/5.6 MBProgress (1): 0.1/5.6 MBProgress (1): 0.1/5.6 MBProgress (1): 0.1/5.6 MBProgress (1): 0.1/5.6 MBProgress (1): 0.1/5.6 MBProgress (1): 0.1/5.6 MBProgress (1): 0.1/5.6 MBProgress (1): 0.1/5.6 MBProgress (1): 0.1/5.6 MBProgress (1): 0.1/5.6 MBProgress (1): 0.2/5.6 MBProgress (1): 0.2/5.6 MBProgress (1): 0.2/5.6 MBProgress (1): 0.2/5.6 MBProgress (1): 0.2/5.6 MBProgress (1): 0.2/5.6 MBProgress (1): 0.2/5.6 MBProgress (1): 0.2/5.6 MBProgress (1): 0.2/5.6 MBProgress (1): 0.2/5.6 MBProgress (1): 0.2/5.6 MBProgress (1): 0.2/5.6 MBProgress (1): 0.2/5.6 MBProgress (1): 0.2/5.6 MBProgress (1): 0.2/5.6 MBProgress (1): 0.2/5.6 MBProgress (1): 0.2/5.6 MBProgress (1): 0.2/5.6 MBProgress (1): 0.2/5.6 MBProgress (1): 0.2/5.6 MBProgress (1): 0.2/5.6 MBProgress (1): 0.2/5.6 MBProgress (1): 0.2/5.6 MBProgress (1): 0.2/5.6 MBProgress (1): 0.2/5.6 MBProgress (1): 0.2/5.6 MBProgress (1): 0.2/5.6 MBProgress (1): 0.2/5.6 MBProgress (1): 0.2/5.6 MBProgress (1): 0.2/5.6 MBProgress (1): 0.2/5.6 MBProgress (1): 0.2/5.6 MBProgress (1): 0.2/5.6 MBProgress (1): 0.2/5.6 MBProgress (1): 0.2/5.6 MBProgress (1): 0.2/5.6 MBProgress (1): 0.2/5.6 MBProgress (1): 0.2/5.6 MBProgress (1): 0.2/5.6 MBProgress (1): 0.2/5.6 MBProgress (1): 0.2/5.6 MBProgress (1): 0.2/5.6 MBProgress (1): 0.2/5.6 MBProgress (1): 0.2/5.6 MBProgress (1): 0.2/5.6 MBProgress (1): 0.2/5.6 MBProgress (1): 0.2/5.6 MBProgress (1): 0.2/5.6 MBProgress (1): 0.2/5.6 MBProgress (1): 0.3/5.6 MBProgress (1): 0.3/5.6 MBProgress (1): 0.3/5.6 MBProgress (1): 0.3/5.6 MBProgress (1): 0.3/5.6 MBProgress (1): 0.3/5.6 MBProgress (1): 0.3/5.6 MBProgress (1): 0.3/5.6 MBProgress (1): 0.3/5.6 MBProgress (1): 0.3/5.6 MBProgress (1): 0.3/5.6 MBProgress (1): 0.3/5.6 MBProgress (1): 0.3/5.6 MBProgress (1): 0.3/5.6 MBProgress (1): 0.3/5.6 MBProgress (1): 0.3/5.6 MBProgress (1): 0.3/5.6 MBProgress (1): 0.3/5.6 MBProgress (1): 0.3/5.6 MBProgress (1): 0.3/5.6 MBProgress (1): 0.3/5.6 MBProgress (1): 0.3/5.6 MBProgress (1): 0.3/5.6 MBProgress (1): 0.3/5.6 MBProgress (1): 0.3/5.6 MBProgress (1): 0.3/5.6 MBProgress (1): 0.3/5.6 MBProgress (1): 0.3/5.6 MBProgress (1): 0.3/5.6 MBProgress (1): 0.3/5.6 MBProgress (1): 0.3/5.6 MBProgress (1): 0.3/5.6 MBProgress (1): 0.3/5.6 MBProgress (1): 0.3/5.6 MBProgress (1): 0.3/5.6 MBProgress (1): 0.3/5.6 MBProgress (1): 0.3/5.6 MBProgress (1): 0.3/5.6 MBProgress (1): 0.3/5.6 MBProgress (1): 0.3/5.6 MBProgress (1): 0.3/5.6 MBProgress (1): 0.3/5.6 MBProgress (1): 0.3/5.6 MBProgress (1): 0.3/5.6 MBProgress (1): 0.3/5.6 MBProgress (1): 0.3/5.6 MBProgress (1): 0.3/5.6 MBProgress (1): 0.3/5.6 MBProgress (1): 0.4/5.6 MBProgress (1): 0.4/5.6 MBProgress (1): 0.4/5.6 MBProgress (1): 0.4/5.6 MBProgress (1): 0.4/5.6 MBProgress (1): 0.4/5.6 MBProgress (1): 0.4/5.6 MBProgress (1): 0.4/5.6 MBProgress (1): 0.4/5.6 MBProgress (1): 0.4/5.6 MBProgress (1): 0.4/5.6 MBProgress (1): 0.4/5.6 MBProgress (1): 0.4/5.6 MBProgress (1): 0.4/5.6 MBProgress (1): 0.4/5.6 MBProgress (1): 0.4/5.6 MBProgress (1): 0.4/5.6 MBProgress (1): 0.4/5.6 MBProgress (1): 0.4/5.6 MBProgress (1): 0.4/5.6 MBProgress (1): 0.4/5.6 MBProgress (1): 0.4/5.6 MBProgress (1): 0.4/5.6 MBProgress (1): 0.4/5.6 MBProgress (1): 0.4/5.6 MBProgress (1): 0.4/5.6 MBProgress (1): 0.4/5.6 MBProgress (1): 0.4/5.6 MBProgress (1): 0.4/5.6 MBProgress (1): 0.4/5.6 MBProgress (1): 0.4/5.6 MBProgress (1): 0.4/5.6 MBProgress (1): 0.4/5.6 MBProgress (1): 0.4/5.6 MBProgress (1): 0.4/5.6 MBProgress (1): 0.4/5.6 MBProgress (1): 0.4/5.6 MBProgress (1): 0.4/5.6 MBProgress (1): 0.4/5.6 MBProgress (1): 0.4/5.6 MBProgress (1): 0.4/5.6 MBProgress (1): 0.4/5.6 MBProgress (1): 0.4/5.6 MBProgress (1): 0.4/5.6 MBProgress (1): 0.4/5.6 MBProgress (1): 0.4/5.6 MBProgress (1): 0.4/5.6 MBProgress (1): 0.4/5.6 MBProgress (1): 0.4/5.6 MBProgress (1): 0.5/5.6 MBProgress (1): 0.5/5.6 MBProgress (1): 0.5/5.6 MBProgress (1): 0.5/5.6 MBProgress (1): 0.5/5.6 MBProgress (1): 0.5/5.6 MBProgress (1): 0.5/5.6 MBProgress (1): 0.5/5.6 MBProgress (1): 0.5/5.6 MBProgress (1): 0.5/5.6 MBProgress (1): 0.5/5.6 MBProgress (1): 0.5/5.6 MBProgress (1): 0.5/5.6 MBProgress (1): 0.5/5.6 MBProgress (1): 0.5/5.6 MBProgress (1): 0.5/5.6 MBProgress (1): 0.5/5.6 MBProgress (1): 0.5/5.6 MBProgress (1): 0.5/5.6 MBProgress (1): 0.5/5.6 MBProgress (1): 0.5/5.6 MBProgress (1): 0.5/5.6 MBProgress (1): 0.5/5.6 MBProgress (1): 0.5/5.6 MBProgress (1): 0.5/5.6 MBProgress (1): 0.5/5.6 MBProgress (1): 0.5/5.6 MBProgress (1): 0.5/5.6 MBProgress (1): 0.5/5.6 MBProgress (1): 0.5/5.6 MBProgress (1): 0.5/5.6 MBProgress (1): 0.5/5.6 MBProgress (1): 0.5/5.6 MBProgress (1): 0.5/5.6 MBProgress (1): 0.5/5.6 MBProgress (1): 0.5/5.6 MBProgress (1): 0.5/5.6 MBProgress (1): 0.5/5.6 MBProgress (1): 0.5/5.6 MBProgress (1): 0.5/5.6 MBProgress (1): 0.5/5.6 MBProgress (1): 0.5/5.6 MBProgress (1): 0.5/5.6 MBProgress (1): 0.5/5.6 MBProgress (1): 0.5/5.6 MBProgress (1): 0.5/5.6 MBProgress (1): 0.5/5.6 MBProgress (1): 0.5/5.6 MBProgress (1): 0.5/5.6 MBProgress (1): 0.6/5.6 MBProgress (1): 0.6/5.6 MBProgress (1): 0.6/5.6 MBProgress (1): 0.6/5.6 MBProgress (1): 0.6/5.6 MBProgress (1): 0.6/5.6 MBProgress (1): 0.6/5.6 MBProgress (1): 0.6/5.6 MBProgress (1): 0.6/5.6 MBProgress (1): 0.6/5.6 MBProgress (1): 0.6/5.6 MBProgress (1): 0.6/5.6 MBProgress (1): 0.6/5.6 MBProgress (1): 0.6/5.6 MBProgress (1): 0.6/5.6 MBProgress (1): 0.6/5.6 MBProgress (1): 0.6/5.6 MBProgress (1): 0.6/5.6 MBProgress (1): 0.6/5.6 MBProgress (1): 0.6/5.6 MBProgress (1): 0.6/5.6 MBProgress (1): 0.6/5.6 MBProgress (1): 0.6/5.6 MBProgress (1): 0.6/5.6 MBProgress (1): 0.6/5.6 MBProgress (1): 0.6/5.6 MBProgress (1): 0.6/5.6 MBProgress (1): 0.6/5.6 MBProgress (1): 0.6/5.6 MBProgress (1): 0.6/5.6 MBProgress (1): 0.6/5.6 MBProgress (1): 0.6/5.6 MBProgress (1): 0.6/5.6 MBProgress (1): 0.6/5.6 MBProgress (1): 0.6/5.6 MBProgress (1): 0.6/5.6 MBProgress (1): 0.6/5.6 MBProgress (1): 0.6/5.6 MBProgress (1): 0.6/5.6 MBProgress (1): 0.6/5.6 MBProgress (1): 0.6/5.6 MBProgress (1): 0.6/5.6 MBProgress (1): 0.6/5.6 MBProgress (1): 0.6/5.6 MBProgress (1): 0.6/5.6 MBProgress (1): 0.6/5.6 MBProgress (1): 0.6/5.6 MBProgress (1): 0.6/5.6 MBProgress (1): 0.6/5.6 MBProgress (1): 0.7/5.6 MBProgress (1): 0.7/5.6 MBProgress (1): 0.7/5.6 MBProgress (1): 0.7/5.6 MBProgress (1): 0.7/5.6 MBProgress (1): 0.7/5.6 MBProgress (1): 0.7/5.6 MBProgress (1): 0.7/5.6 MBProgress (1): 0.7/5.6 MBProgress (1): 0.7/5.6 MBProgress (1): 0.7/5.6 MBProgress (1): 0.7/5.6 MBProgress (1): 0.7/5.6 MBProgress (1): 0.7/5.6 MBProgress (1): 0.7/5.6 MBProgress (1): 0.7/5.6 MBProgress (1): 0.7/5.6 MBProgress (1): 0.7/5.6 MBProgress (1): 0.7/5.6 MBProgress (1): 0.7/5.6 MBProgress (1): 0.7/5.6 MBProgress (1): 0.7/5.6 MBProgress (1): 0.7/5.6 MBProgress (1): 0.7/5.6 MBProgress (1): 0.7/5.6 MBProgress (1): 0.7/5.6 MBProgress (1): 0.7/5.6 MBProgress (1): 0.7/5.6 MBProgress (1): 0.7/5.6 MBProgress (1): 0.7/5.6 MBProgress (1): 0.7/5.6 MBProgress (1): 0.7/5.6 MBProgress (1): 0.7/5.6 MBProgress (1): 0.7/5.6 MBProgress (1): 0.7/5.6 MBProgress (1): 0.7/5.6 MBProgress (1): 0.7/5.6 MBProgress (1): 0.7/5.6 MBProgress (1): 0.7/5.6 MBProgress (1): 0.7/5.6 MBProgress (1): 0.7/5.6 MBProgress (1): 0.7/5.6 MBProgress (1): 0.7/5.6 MBProgress (1): 0.7/5.6 MBProgress (1): 0.7/5.6 MBProgress (1): 0.7/5.6 MBProgress (1): 0.7/5.6 MBProgress (1): 0.7/5.6 MBProgress (1): 0.7/5.6 MBProgress (1): 0.8/5.6 MBProgress (1): 0.8/5.6 MBProgress (1): 0.8/5.6 MBProgress (1): 0.8/5.6 MBProgress (1): 0.8/5.6 MBProgress (1): 0.8/5.6 MBProgress (1): 0.8/5.6 MBProgress (1): 0.8/5.6 MBProgress (1): 0.8/5.6 MBProgress (1): 0.8/5.6 MBProgress (1): 0.8/5.6 MBProgress (1): 0.8/5.6 MBProgress (1): 0.8/5.6 MBProgress (1): 0.8/5.6 MBProgress (1): 0.8/5.6 MBProgress (1): 0.8/5.6 MBProgress (1): 0.8/5.6 MBProgress (1): 0.8/5.6 MBProgress (1): 0.8/5.6 MBProgress (1): 0.8/5.6 MBProgress (1): 0.8/5.6 MBProgress (1): 0.8/5.6 MBProgress (1): 0.8/5.6 MBProgress (1): 0.8/5.6 MBProgress (1): 0.8/5.6 MBProgress (1): 0.8/5.6 MBProgress (1): 0.8/5.6 MBProgress (1): 0.8/5.6 MBProgress (1): 0.8/5.6 MBProgress (1): 0.8/5.6 MBProgress (1): 0.8/5.6 MBProgress (1): 0.8/5.6 MBProgress (1): 0.8/5.6 MBProgress (1): 0.8/5.6 MBProgress (1): 0.8/5.6 MBProgress (1): 0.8/5.6 MBProgress (1): 0.8/5.6 MBProgress (1): 0.8/5.6 MBProgress (1): 0.8/5.6 MBProgress (1): 0.8/5.6 MBProgress (1): 0.8/5.6 MBProgress (1): 0.8/5.6 MBProgress (1): 0.8/5.6 MBProgress (1): 0.8/5.6 MBProgress (1): 0.8/5.6 MBProgress (1): 0.8/5.6 MBProgress (1): 0.8/5.6 MBProgress (1): 0.8/5.6 MBProgress (1): 0.8/5.6 MBProgress (1): 0.9/5.6 MBProgress (1): 0.9/5.6 MBProgress (1): 0.9/5.6 MBProgress (1): 0.9/5.6 MBProgress (1): 0.9/5.6 MBProgress (1): 0.9/5.6 MBProgress (1): 0.9/5.6 MBProgress (1): 0.9/5.6 MBProgress (1): 0.9/5.6 MBProgress (1): 0.9/5.6 MBProgress (1): 0.9/5.6 MBProgress (1): 0.9/5.6 MBProgress (1): 0.9/5.6 MBProgress (1): 0.9/5.6 MBProgress (1): 0.9/5.6 MBProgress (1): 0.9/5.6 MBProgress (1): 0.9/5.6 MBProgress (1): 0.9/5.6 MBProgress (1): 0.9/5.6 MBProgress (1): 0.9/5.6 MBProgress (1): 0.9/5.6 MBProgress (1): 0.9/5.6 MBProgress (1): 0.9/5.6 MBProgress (1): 0.9/5.6 MBProgress (1): 0.9/5.6 MBProgress (1): 0.9/5.6 MBProgress (1): 0.9/5.6 MBProgress (1): 0.9/5.6 MBProgress (1): 0.9/5.6 MBProgress (1): 0.9/5.6 MBProgress (1): 0.9/5.6 MBProgress (1): 0.9/5.6 MBProgress (1): 0.9/5.6 MBProgress (1): 0.9/5.6 MBProgress (1): 0.9/5.6 MBProgress (1): 0.9/5.6 MBProgress (1): 0.9/5.6 MBProgress (1): 0.9/5.6 MBProgress (1): 0.9/5.6 MBProgress (1): 0.9/5.6 MBProgress (1): 0.9/5.6 MBProgress (1): 0.9/5.6 MBProgress (1): 0.9/5.6 MBProgress (1): 0.9/5.6 MBProgress (1): 0.9/5.6 MBProgress (1): 0.9/5.6 MBProgress (1): 0.9/5.6 MBProgress (1): 0.9/5.6 MBProgress (1): 1.0/5.6 MBProgress (1): 1.0/5.6 MBProgress (1): 1.0/5.6 MBProgress (1): 1.0/5.6 MBProgress (1): 1.0/5.6 MBProgress (1): 1.0/5.6 MBProgress (1): 1.0/5.6 MBProgress (1): 1.0/5.6 MBProgress (1): 1.0/5.6 MBProgress (1): 1.0/5.6 MBProgress (1): 1.0/5.6 MBProgress (1): 1.0/5.6 MBProgress (1): 1.0/5.6 MBProgress (1): 1.0/5.6 MBProgress (1): 1.0/5.6 MBProgress (1): 1.0/5.6 MBProgress (1): 1.0/5.6 MBProgress (1): 1.0/5.6 MBProgress (1): 1.0/5.6 MBProgress (1): 1.0/5.6 MBProgress (1): 1.0/5.6 MBProgress (1): 1.0/5.6 MBProgress (1): 1.0/5.6 MBProgress (1): 1.0/5.6 MBProgress (1): 1.0/5.6 MBProgress (1): 1.0/5.6 MBProgress (1): 1.0/5.6 MBProgress (1): 1.0/5.6 MBProgress (1): 1.0/5.6 MBProgress (1): 1.0/5.6 MBProgress (1): 1.0/5.6 MBProgress (1): 1.0/5.6 MBProgress (1): 1.0/5.6 MBProgress (1): 1.0/5.6 MBProgress (1): 1.0/5.6 MBProgress (1): 1.0/5.6 MBProgress (1): 1.0/5.6 MBProgress (1): 1.0/5.6 MBProgress (1): 1.0/5.6 MBProgress (1): 1.0/5.6 MBProgress (1): 1.0/5.6 MBProgress (1): 1.0/5.6 MBProgress (1): 1.0/5.6 MBProgress (1): 1.0/5.6 MBProgress (1): 1.0/5.6 MBProgress (1): 1.0/5.6 MBProgress (1): 1.0/5.6 MBProgress (1): 1.0/5.6 MBProgress (1): 1.0/5.6 MBProgress (1): 1.1/5.6 MBProgress (1): 1.1/5.6 MBProgress (1): 1.1/5.6 MBProgress (1): 1.1/5.6 MBProgress (1): 1.1/5.6 MBProgress (1): 1.1/5.6 MBProgress (1): 1.1/5.6 MBProgress (1): 1.1/5.6 MBProgress (1): 1.1/5.6 MBProgress (1): 1.1/5.6 MBProgress (1): 1.1/5.6 MBProgress (1): 1.1/5.6 MBProgress (1): 1.1/5.6 MBProgress (1): 1.1/5.6 MBProgress (1): 1.1/5.6 MBProgress (1): 1.1/5.6 MBProgress (1): 1.1/5.6 MBProgress (1): 1.1/5.6 MBProgress (1): 1.1/5.6 MBProgress (1): 1.1/5.6 MBProgress (1): 1.1/5.6 MBProgress (1): 1.1/5.6 MBProgress (1): 1.1/5.6 MBProgress (1): 1.1/5.6 MBProgress (1): 1.1/5.6 MBProgress (1): 1.1/5.6 MBProgress (1): 1.1/5.6 MBProgress (1): 1.1/5.6 MBProgress (1): 1.1/5.6 MBProgress (1): 1.1/5.6 MBProgress (1): 1.1/5.6 MBProgress (1): 1.1/5.6 MBProgress (1): 1.1/5.6 MBProgress (1): 1.1/5.6 MBProgress (1): 1.1/5.6 MBProgress (1): 1.1/5.6 MBProgress (1): 1.1/5.6 MBProgress (1): 1.1/5.6 MBProgress (1): 1.1/5.6 MBProgress (1): 1.1/5.6 MBProgress (1): 1.1/5.6 MBProgress (1): 1.1/5.6 MBProgress (1): 1.1/5.6 MBProgress (1): 1.1/5.6 MBProgress (1): 1.1/5.6 MBProgress (1): 1.1/5.6 MBProgress (1): 1.1/5.6 MBProgress (1): 1.1/5.6 MBProgress (1): 1.1/5.6 MBProgress (1): 1.2/5.6 MBProgress (1): 1.2/5.6 MBProgress (1): 1.2/5.6 MBProgress (1): 1.2/5.6 MBProgress (1): 1.2/5.6 MBProgress (1): 1.2/5.6 MBProgress (1): 1.2/5.6 MBProgress (1): 1.2/5.6 MBProgress (1): 1.2/5.6 MBProgress (1): 1.2/5.6 MBProgress (1): 1.2/5.6 MBProgress (1): 1.2/5.6 MBProgress (1): 1.2/5.6 MBProgress (1): 1.2/5.6 MBProgress (1): 1.2/5.6 MBProgress (1): 1.2/5.6 MBProgress (1): 1.2/5.6 MBProgress (1): 1.2/5.6 MBProgress (1): 1.2/5.6 MBProgress (1): 1.2/5.6 MBProgress (1): 1.2/5.6 MBProgress (1): 1.2/5.6 MBProgress (1): 1.2/5.6 MBProgress (1): 1.2/5.6 MBProgress (1): 1.2/5.6 MBProgress (1): 1.2/5.6 MBProgress (1): 1.2/5.6 MBProgress (1): 1.2/5.6 MBProgress (1): 1.2/5.6 MBProgress (1): 1.2/5.6 MBProgress (1): 1.2/5.6 MBProgress (1): 1.2/5.6 MBProgress (1): 1.2/5.6 MBProgress (1): 1.2/5.6 MBProgress (1): 1.2/5.6 MBProgress (1): 1.2/5.6 MBProgress (1): 1.2/5.6 MBProgress (1): 1.2/5.6 MBProgress (1): 1.2/5.6 MBProgress (1): 1.2/5.6 MBProgress (1): 1.2/5.6 MBProgress (1): 1.2/5.6 MBProgress (1): 1.2/5.6 MBProgress (1): 1.2/5.6 MBProgress (1): 1.2/5.6 MBProgress (1): 1.2/5.6 MBProgress (1): 1.2/5.6 MBProgress (1): 1.2/5.6 MBProgress (1): 1.2/5.6 MBProgress (1): 1.3/5.6 MBProgress (1): 1.3/5.6 MBProgress (1): 1.3/5.6 MBProgress (1): 1.3/5.6 MBProgress (1): 1.3/5.6 MBProgress (1): 1.3/5.6 MBProgress (1): 1.3/5.6 MBProgress (1): 1.3/5.6 MBProgress (1): 1.3/5.6 MBProgress (1): 1.3/5.6 MBProgress (1): 1.3/5.6 MBProgress (1): 1.3/5.6 MBProgress (1): 1.3/5.6 MBProgress (1): 1.3/5.6 MBProgress (1): 1.3/5.6 MBProgress (1): 1.3/5.6 MBProgress (1): 1.3/5.6 MBProgress (1): 1.3/5.6 MBProgress (1): 1.3/5.6 MBProgress (1): 1.3/5.6 MBProgress (1): 1.3/5.6 MBProgress (1): 1.3/5.6 MBProgress (1): 1.3/5.6 MBProgress (1): 1.3/5.6 MBProgress (1): 1.3/5.6 MBProgress (1): 1.3/5.6 MBProgress (1): 1.3/5.6 MBProgress (1): 1.3/5.6 MBProgress (1): 1.3/5.6 MBProgress (1): 1.3/5.6 MBProgress (1): 1.3/5.6 MBProgress (1): 1.3/5.6 MBProgress (1): 1.3/5.6 MBProgress (1): 1.3/5.6 MBProgress (1): 1.3/5.6 MBProgress (1): 1.3/5.6 MBProgress (1): 1.3/5.6 MBProgress (1): 1.3/5.6 MBProgress (1): 1.3/5.6 MBProgress (1): 1.3/5.6 MBProgress (1): 1.3/5.6 MBProgress (1): 1.3/5.6 MBProgress (1): 1.3/5.6 MBProgress (1): 1.3/5.6 MBProgress (1): 1.3/5.6 MBProgress (1): 1.3/5.6 MBProgress (1): 1.3/5.6 MBProgress (1): 1.3/5.6 MBProgress (1): 1.3/5.6 MBProgress (1): 1.4/5.6 MBProgress (1): 1.4/5.6 MBProgress (1): 1.4/5.6 MBProgress (1): 1.4/5.6 MBProgress (1): 1.4/5.6 MBProgress (1): 1.4/5.6 MBProgress (1): 1.4/5.6 MBProgress (1): 1.4/5.6 MBProgress (1): 1.4/5.6 MBProgress (1): 1.4/5.6 MBProgress (1): 1.4/5.6 MBProgress (1): 1.4/5.6 MBProgress (1): 1.4/5.6 MBProgress (1): 1.4/5.6 MBProgress (1): 1.4/5.6 MBProgress (1): 1.4/5.6 MBProgress (1): 1.4/5.6 MBProgress (1): 1.4/5.6 MBProgress (1): 1.4/5.6 MBProgress (1): 1.4/5.6 MBProgress (1): 1.4/5.6 MBProgress (1): 1.4/5.6 MBProgress (1): 1.4/5.6 MBProgress (1): 1.4/5.6 MBProgress (1): 1.4/5.6 MBProgress (1): 1.4/5.6 MBProgress (1): 1.4/5.6 MBProgress (1): 1.4/5.6 MBProgress (1): 1.4/5.6 MBProgress (1): 1.4/5.6 MBProgress (1): 1.4/5.6 MBProgress (1): 1.4/5.6 MBProgress (1): 1.4/5.6 MBProgress (1): 1.4/5.6 MBProgress (1): 1.4/5.6 MBProgress (1): 1.4/5.6 MBProgress (1): 1.4/5.6 MBProgress (1): 1.4/5.6 MBProgress (1): 1.4/5.6 MBProgress (1): 1.4/5.6 MBProgress (1): 1.4/5.6 MBProgress (1): 1.4/5.6 MBProgress (1): 1.4/5.6 MBProgress (1): 1.4/5.6 MBProgress (1): 1.4/5.6 MBProgress (1): 1.4/5.6 MBProgress (1): 1.4/5.6 MBProgress (1): 1.4/5.6 MBProgress (1): 1.4/5.6 MBProgress (1): 1.5/5.6 MBProgress (1): 1.5/5.6 MBProgress (1): 1.5/5.6 MBProgress (1): 1.5/5.6 MBProgress (1): 1.5/5.6 MBProgress (1): 1.5/5.6 MBProgress (1): 1.5/5.6 MBProgress (1): 1.5/5.6 MBProgress (1): 1.5/5.6 MBProgress (1): 1.5/5.6 MBProgress (1): 1.5/5.6 MBProgress (1): 1.5/5.6 MBProgress (1): 1.5/5.6 MBProgress (1): 1.5/5.6 MBProgress (1): 1.5/5.6 MBProgress (1): 1.5/5.6 MBProgress (1): 1.5/5.6 MBProgress (1): 1.5/5.6 MBProgress (1): 1.5/5.6 MBProgress (1): 1.5/5.6 MBProgress (1): 1.5/5.6 MBProgress (1): 1.5/5.6 MBProgress (1): 1.5/5.6 MBProgress (1): 1.5/5.6 MBProgress (1): 1.5/5.6 MBProgress (1): 1.5/5.6 MBProgress (1): 1.5/5.6 MBProgress (1): 1.5/5.6 MBProgress (1): 1.5/5.6 MBProgress (1): 1.5/5.6 MBProgress (1): 1.5/5.6 MBProgress (1): 1.5/5.6 MBProgress (1): 1.5/5.6 MBProgress (1): 1.5/5.6 MBProgress (1): 1.5/5.6 MBProgress (1): 1.5/5.6 MBProgress (1): 1.5/5.6 MBProgress (1): 1.5/5.6 MBProgress (1): 1.5/5.6 MBProgress (1): 1.5/5.6 MBProgress (1): 1.5/5.6 MBProgress (1): 1.5/5.6 MBProgress (1): 1.5/5.6 MBProgress (1): 1.5/5.6 MBProgress (1): 1.5/5.6 MBProgress (1): 1.5/5.6 MBProgress (1): 1.5/5.6 MBProgress (1): 1.5/5.6 MBProgress (1): 1.6/5.6 MBProgress (1): 1.6/5.6 MBProgress (1): 1.6/5.6 MBProgress (1): 1.6/5.6 MBProgress (1): 1.6/5.6 MBProgress (1): 1.6/5.6 MBProgress (1): 1.6/5.6 MBProgress (1): 1.6/5.6 MBProgress (1): 1.6/5.6 MBProgress (1): 1.6/5.6 MBProgress (1): 1.6/5.6 MBProgress (1): 1.6/5.6 MBProgress (1): 1.6/5.6 MBProgress (1): 1.6/5.6 MBProgress (1): 1.6/5.6 MBProgress (1): 1.6/5.6 MBProgress (1): 1.6/5.6 MBProgress (1): 1.6/5.6 MBProgress (1): 1.6/5.6 MBProgress (1): 1.6/5.6 MBProgress (1): 1.6/5.6 MBProgress (1): 1.6/5.6 MBProgress (1): 1.6/5.6 MBProgress (1): 1.6/5.6 MBProgress (1): 1.6/5.6 MBProgress (1): 1.6/5.6 MBProgress (1): 1.6/5.6 MBProgress (1): 1.6/5.6 MBProgress (1): 1.6/5.6 MBProgress (1): 1.6/5.6 MBProgress (1): 1.6/5.6 MBProgress (1): 1.6/5.6 MBProgress (1): 1.6/5.6 MBProgress (1): 1.6/5.6 MBProgress (1): 1.6/5.6 MBProgress (1): 1.6/5.6 MBProgress (1): 1.6/5.6 MBProgress (1): 1.6/5.6 MBProgress (1): 1.6/5.6 MBProgress (1): 1.6/5.6 MBProgress (1): 1.6/5.6 MBProgress (1): 1.6/5.6 MBProgress (1): 1.6/5.6 MBProgress (1): 1.6/5.6 MBProgress (1): 1.6/5.6 MBProgress (1): 1.6/5.6 MBProgress (1): 1.6/5.6 MBProgress (1): 1.6/5.6 MBProgress (1): 1.6/5.6 MBProgress (1): 1.7/5.6 MBProgress (1): 1.7/5.6 MBProgress (1): 1.7/5.6 MBProgress (1): 1.7/5.6 MBProgress (1): 1.7/5.6 MBProgress (1): 1.7/5.6 MBProgress (1): 1.7/5.6 MBProgress (1): 1.7/5.6 MBProgress (1): 1.7/5.6 MBProgress (1): 1.7/5.6 MBProgress (1): 1.7/5.6 MBProgress (1): 1.7/5.6 MBProgress (1): 1.7/5.6 MBProgress (1): 1.7/5.6 MBProgress (1): 1.7/5.6 MBProgress (1): 1.7/5.6 MBProgress (1): 1.7/5.6 MBProgress (1): 1.7/5.6 MBProgress (1): 1.7/5.6 MBProgress (1): 1.7/5.6 MBProgress (1): 1.7/5.6 MBProgress (1): 1.7/5.6 MBProgress (1): 1.7/5.6 MBProgress (1): 1.7/5.6 MBProgress (1): 1.7/5.6 MBProgress (1): 1.7/5.6 MBProgress (1): 1.7/5.6 MBProgress (1): 1.7/5.6 MBProgress (1): 1.7/5.6 MBProgress (1): 1.7/5.6 MBProgress (1): 1.7/5.6 MBProgress (1): 1.7/5.6 MBProgress (1): 1.7/5.6 MBProgress (1): 1.7/5.6 MBProgress (1): 1.7/5.6 MBProgress (1): 1.7/5.6 MBProgress (1): 1.7/5.6 MBProgress (1): 1.7/5.6 MBProgress (1): 1.7/5.6 MBProgress (1): 1.7/5.6 MBProgress (1): 1.7/5.6 MBProgress (1): 1.7/5.6 MBProgress (1): 1.7/5.6 MBProgress (1): 1.7/5.6 MBProgress (1): 1.7/5.6 MBProgress (1): 1.7/5.6 MBProgress (1): 1.7/5.6 MBProgress (1): 1.7/5.6 MBProgress (1): 1.7/5.6 MBProgress (1): 1.8/5.6 MBProgress (1): 1.8/5.6 MBProgress (1): 1.8/5.6 MBProgress (1): 1.8/5.6 MBProgress (1): 1.8/5.6 MBProgress (1): 1.8/5.6 MBProgress (1): 1.8/5.6 MBProgress (1): 1.8/5.6 MBProgress (1): 1.8/5.6 MBProgress (1): 1.8/5.6 MBProgress (1): 1.8/5.6 MBProgress (1): 1.8/5.6 MBProgress (1): 1.8/5.6 MBProgress (1): 1.8/5.6 MBProgress (1): 1.8/5.6 MBProgress (1): 1.8/5.6 MBProgress (1): 1.8/5.6 MBProgress (1): 1.8/5.6 MBProgress (1): 1.8/5.6 MBProgress (1): 1.8/5.6 MBProgress (1): 1.8/5.6 MBProgress (1): 1.8/5.6 MBProgress (1): 1.8/5.6 MBProgress (1): 1.8/5.6 MBProgress (1): 1.8/5.6 MBProgress (1): 1.8/5.6 MBProgress (1): 1.8/5.6 MBProgress (1): 1.8/5.6 MBProgress (1): 1.8/5.6 MBProgress (1): 1.8/5.6 MBProgress (1): 1.8/5.6 MBProgress (1): 1.8/5.6 MBProgress (1): 1.8/5.6 MBProgress (1): 1.8/5.6 MBProgress (1): 1.8/5.6 MBProgress (1): 1.8/5.6 MBProgress (1): 1.8/5.6 MBProgress (1): 1.8/5.6 MBProgress (1): 1.8/5.6 MBProgress (1): 1.8/5.6 MBProgress (1): 1.8/5.6 MBProgress (1): 1.8/5.6 MBProgress (1): 1.8/5.6 MBProgress (1): 1.8/5.6 MBProgress (1): 1.8/5.6 MBProgress (1): 1.8/5.6 MBProgress (1): 1.8/5.6 MBProgress (1): 1.8/5.6 MBProgress (1): 1.8/5.6 MBProgress (1): 1.9/5.6 MBProgress (1): 1.9/5.6 MBProgress (1): 1.9/5.6 MBProgress (1): 1.9/5.6 MBProgress (1): 1.9/5.6 MBProgress (1): 1.9/5.6 MBProgress (1): 1.9/5.6 MBProgress (1): 1.9/5.6 MBProgress (1): 1.9/5.6 MBProgress (1): 1.9/5.6 MBProgress (1): 1.9/5.6 MBProgress (1): 1.9/5.6 MBProgress (1): 1.9/5.6 MBProgress (1): 1.9/5.6 MBProgress (1): 1.9/5.6 MBProgress (1): 1.9/5.6 MBProgress (1): 1.9/5.6 MBProgress (1): 1.9/5.6 MBProgress (1): 1.9/5.6 MBProgress (1): 1.9/5.6 MBProgress (1): 1.9/5.6 MBProgress (1): 1.9/5.6 MBProgress (1): 1.9/5.6 MBProgress (1): 1.9/5.6 MBProgress (1): 1.9/5.6 MBProgress (1): 1.9/5.6 MBProgress (1): 1.9/5.6 MBProgress (1): 1.9/5.6 MBProgress (1): 1.9/5.6 MBProgress (1): 1.9/5.6 MBProgress (1): 1.9/5.6 MBProgress (1): 1.9/5.6 MBProgress (1): 1.9/5.6 MBProgress (1): 1.9/5.6 MBProgress (1): 1.9/5.6 MBProgress (1): 1.9/5.6 MBProgress (1): 1.9/5.6 MBProgress (1): 1.9/5.6 MBProgress (1): 1.9/5.6 MBProgress (1): 1.9/5.6 MBProgress (1): 1.9/5.6 MBProgress (1): 1.9/5.6 MBProgress (1): 1.9/5.6 MBProgress (1): 1.9/5.6 MBProgress (1): 1.9/5.6 MBProgress (1): 1.9/5.6 MBProgress (1): 1.9/5.6 MBProgress (1): 1.9/5.6 MBProgress (1): 1.9/5.6 MBProgress (1): 2.0/5.6 MBProgress (1): 2.0/5.6 MBProgress (1): 2.0/5.6 MBProgress (1): 2.0/5.6 MBProgress (1): 2.0/5.6 MBProgress (1): 2.0/5.6 MBProgress (1): 2.0/5.6 MBProgress (1): 2.0/5.6 MBProgress (1): 2.0/5.6 MBProgress (1): 2.0/5.6 MBProgress (1): 2.0/5.6 MBProgress (1): 2.0/5.6 MBProgress (1): 2.0/5.6 MBProgress (1): 2.0/5.6 MBProgress (1): 2.0/5.6 MBProgress (1): 2.0/5.6 MBProgress (1): 2.0/5.6 MBProgress (1): 2.0/5.6 MBProgress (1): 2.0/5.6 MBProgress (1): 2.0/5.6 MBProgress (1): 2.0/5.6 MBProgress (1): 2.0/5.6 MBProgress (1): 2.0/5.6 MBProgress (1): 2.0/5.6 MBProgress (1): 2.0/5.6 MBProgress (1): 2.0/5.6 MBProgress (1): 2.0/5.6 MBProgress (1): 2.0/5.6 MBProgress (1): 2.0/5.6 MBProgress (1): 2.0/5.6 MBProgress (1): 2.0/5.6 MBProgress (1): 2.0/5.6 MBProgress (1): 2.0/5.6 MBProgress (1): 2.0/5.6 MBProgress (1): 2.0/5.6 MBProgress (1): 2.0/5.6 MBProgress (1): 2.0/5.6 MBProgress (1): 2.0/5.6 MBProgress (1): 2.0/5.6 MBProgress (1): 2.0/5.6 MBProgress (1): 2.0/5.6 MBProgress (1): 2.0/5.6 MBProgress (1): 2.0/5.6 MBProgress (1): 2.0/5.6 MBProgress (1): 2.0/5.6 MBProgress (1): 2.0/5.6 MBProgress (1): 2.0/5.6 MBProgress (1): 2.0/5.6 MBProgress (1): 2.1/5.6 MBProgress (1): 2.1/5.6 MBProgress (1): 2.1/5.6 MBProgress (1): 2.1/5.6 MBProgress (1): 2.1/5.6 MBProgress (1): 2.1/5.6 MBProgress (1): 2.1/5.6 MBProgress (1): 2.1/5.6 MBProgress (1): 2.1/5.6 MBProgress (1): 2.1/5.6 MBProgress (1): 2.1/5.6 MBProgress (1): 2.1/5.6 MBProgress (1): 2.1/5.6 MBProgress (1): 2.1/5.6 MBProgress (1): 2.1/5.6 MBProgress (1): 2.1/5.6 MBProgress (1): 2.1/5.6 MBProgress (1): 2.1/5.6 MBProgress (1): 2.1/5.6 MBProgress (1): 2.1/5.6 MBProgress (1): 2.1/5.6 MBProgress (1): 2.1/5.6 MBProgress (1): 2.1/5.6 MBProgress (1): 2.1/5.6 MBProgress (1): 2.1/5.6 MBProgress (1): 2.1/5.6 MBProgress (1): 2.1/5.6 MBProgress (1): 2.1/5.6 MBProgress (1): 2.1/5.6 MBProgress (1): 2.1/5.6 MBProgress (1): 2.1/5.6 MBProgress (1): 2.1/5.6 MBProgress (1): 2.1/5.6 MBProgress (1): 2.1/5.6 MBProgress (1): 2.1/5.6 MBProgress (1): 2.1/5.6 MBProgress (1): 2.1/5.6 MBProgress (1): 2.1/5.6 MBProgress (1): 2.1/5.6 MBProgress (1): 2.1/5.6 MBProgress (1): 2.1/5.6 MBProgress (1): 2.1/5.6 MBProgress (1): 2.1/5.6 MBProgress (1): 2.1/5.6 MBProgress (1): 2.1/5.6 MBProgress (1): 2.1/5.6 MBProgress (1): 2.1/5.6 MBProgress (1): 2.1/5.6 MBProgress (1): 2.1/5.6 MBProgress (1): 2.2/5.6 MBProgress (1): 2.2/5.6 MBProgress (1): 2.2/5.6 MBProgress (1): 2.2/5.6 MBProgress (1): 2.2/5.6 MBProgress (1): 2.2/5.6 MBProgress (1): 2.2/5.6 MBProgress (1): 2.2/5.6 MBProgress (1): 2.2/5.6 MBProgress (1): 2.2/5.6 MBProgress (1): 2.2/5.6 MBProgress (1): 2.2/5.6 MBProgress (1): 2.2/5.6 MBProgress (1): 2.2/5.6 MBProgress (1): 2.2/5.6 MBProgress (1): 2.2/5.6 MBProgress (1): 2.2/5.6 MBProgress (1): 2.2/5.6 MBProgress (1): 2.2/5.6 MBProgress (1): 2.2/5.6 MBProgress (1): 2.2/5.6 MBProgress (1): 2.2/5.6 MBProgress (1): 2.2/5.6 MBProgress (1): 2.2/5.6 MBProgress (1): 2.2/5.6 MBProgress (1): 2.2/5.6 MBProgress (1): 2.2/5.6 MBProgress (1): 2.2/5.6 MBProgress (1): 2.2/5.6 MBProgress (1): 2.2/5.6 MBProgress (1): 2.2/5.6 MBProgress (1): 2.2/5.6 MBProgress (1): 2.2/5.6 MBProgress (1): 2.2/5.6 MBProgress (1): 2.2/5.6 MBProgress (1): 2.2/5.6 MBProgress (1): 2.2/5.6 MBProgress (1): 2.2/5.6 MBProgress (1): 2.2/5.6 MBProgress (1): 2.2/5.6 MBProgress (1): 2.2/5.6 MBProgress (1): 2.2/5.6 MBProgress (1): 2.2/5.6 MBProgress (1): 2.2/5.6 MBProgress (1): 2.2/5.6 MBProgress (1): 2.2/5.6 MBProgress (1): 2.2/5.6 MBProgress (1): 2.2/5.6 MBProgress (1): 2.2/5.6 MBProgress (1): 2.3/5.6 MBProgress (1): 2.3/5.6 MBProgress (1): 2.3/5.6 MBProgress (1): 2.3/5.6 MBProgress (1): 2.3/5.6 MBProgress (1): 2.3/5.6 MBProgress (1): 2.3/5.6 MBProgress (1): 2.3/5.6 MBProgress (1): 2.3/5.6 MBProgress (1): 2.3/5.6 MBProgress (1): 2.3/5.6 MBProgress (1): 2.3/5.6 MBProgress (1): 2.3/5.6 MBProgress (1): 2.3/5.6 MBProgress (1): 2.3/5.6 MBProgress (1): 2.3/5.6 MBProgress (1): 2.3/5.6 MBProgress (1): 2.3/5.6 MBProgress (1): 2.3/5.6 MBProgress (1): 2.3/5.6 MBProgress (1): 2.3/5.6 MBProgress (1): 2.3/5.6 MBProgress (1): 2.3/5.6 MBProgress (1): 2.3/5.6 MBProgress (1): 2.3/5.6 MBProgress (1): 2.3/5.6 MBProgress (1): 2.3/5.6 MBProgress (1): 2.3/5.6 MBProgress (1): 2.3/5.6 MBProgress (1): 2.3/5.6 MBProgress (1): 2.3/5.6 MBProgress (1): 2.3/5.6 MBProgress (1): 2.3/5.6 MBProgress (1): 2.3/5.6 MBProgress (1): 2.3/5.6 MBProgress (1): 2.3/5.6 MBProgress (1): 2.3/5.6 MBProgress (1): 2.3/5.6 MBProgress (1): 2.3/5.6 MBProgress (1): 2.3/5.6 MBProgress (1): 2.3/5.6 MBProgress (1): 2.3/5.6 MBProgress (1): 2.3/5.6 MBProgress (1): 2.3/5.6 MBProgress (1): 2.3/5.6 MBProgress (1): 2.3/5.6 MBProgress (1): 2.3/5.6 MBProgress (1): 2.3/5.6 MBProgress (1): 2.3/5.6 MBProgress (1): 2.4/5.6 MBProgress (1): 2.4/5.6 MBProgress (1): 2.4/5.6 MBProgress (1): 2.4/5.6 MBProgress (1): 2.4/5.6 MBProgress (1): 2.4/5.6 MBProgress (1): 2.4/5.6 MBProgress (1): 2.4/5.6 MBProgress (1): 2.4/5.6 MBProgress (1): 2.4/5.6 MBProgress (1): 2.4/5.6 MBProgress (1): 2.4/5.6 MBProgress (1): 2.4/5.6 MBProgress (1): 2.4/5.6 MBProgress (1): 2.4/5.6 MBProgress (1): 2.4/5.6 MBProgress (1): 2.4/5.6 MBProgress (1): 2.4/5.6 MBProgress (1): 2.4/5.6 MBProgress (1): 2.4/5.6 MBProgress (1): 2.4/5.6 MBProgress (1): 2.4/5.6 MBProgress (1): 2.4/5.6 MBProgress (1): 2.4/5.6 MBProgress (1): 2.4/5.6 MBProgress (1): 2.4/5.6 MBProgress (1): 2.4/5.6 MBProgress (1): 2.4/5.6 MBProgress (1): 2.4/5.6 MBProgress (1): 2.4/5.6 MBProgress (1): 2.4/5.6 MBProgress (1): 2.4/5.6 MBProgress (1): 2.4/5.6 MBProgress (1): 2.4/5.6 MBProgress (1): 2.4/5.6 MBProgress (1): 2.4/5.6 MBProgress (1): 2.4/5.6 MBProgress (1): 2.4/5.6 MBProgress (1): 2.4/5.6 MBProgress (1): 2.4/5.6 MBProgress (1): 2.4/5.6 MBProgress (1): 2.4/5.6 MBProgress (1): 2.4/5.6 MBProgress (1): 2.4/5.6 MBProgress (1): 2.4/5.6 MBProgress (1): 2.4/5.6 MBProgress (1): 2.4/5.6 MBProgress (1): 2.4/5.6 MBProgress (1): 2.4/5.6 MBProgress (1): 2.5/5.6 MBProgress (1): 2.5/5.6 MBProgress (1): 2.5/5.6 MBProgress (1): 2.5/5.6 MBProgress (1): 2.5/5.6 MBProgress (1): 2.5/5.6 MBProgress (1): 2.5/5.6 MBProgress (1): 2.5/5.6 MBProgress (1): 2.5/5.6 MBProgress (1): 2.5/5.6 MBProgress (1): 2.5/5.6 MBProgress (1): 2.5/5.6 MBProgress (1): 2.5/5.6 MBProgress (1): 2.5/5.6 MBProgress (1): 2.5/5.6 MBProgress (1): 2.5/5.6 MBProgress (1): 2.5/5.6 MBProgress (1): 2.5/5.6 MBProgress (1): 2.5/5.6 MBProgress (1): 2.5/5.6 MBProgress (1): 2.5/5.6 MBProgress (1): 2.5/5.6 MBProgress (1): 2.5/5.6 MBProgress (1): 2.5/5.6 MBProgress (1): 2.5/5.6 MBProgress (1): 2.5/5.6 MBProgress (1): 2.5/5.6 MBProgress (1): 2.5/5.6 MBProgress (1): 2.5/5.6 MBProgress (1): 2.5/5.6 MBProgress (1): 2.5/5.6 MBProgress (1): 2.5/5.6 MBProgress (1): 2.5/5.6 MBProgress (1): 2.5/5.6 MBProgress (1): 2.5/5.6 MBProgress (1): 2.5/5.6 MBProgress (1): 2.5/5.6 MBProgress (1): 2.5/5.6 MBProgress (1): 2.5/5.6 MBProgress (1): 2.5/5.6 MBProgress (1): 2.5/5.6 MBProgress (1): 2.5/5.6 MBProgress (1): 2.5/5.6 MBProgress (1): 2.5/5.6 MBProgress (1): 2.5/5.6 MBProgress (1): 2.5/5.6 MBProgress (1): 2.5/5.6 MBProgress (1): 2.5/5.6 MBProgress (1): 2.5/5.6 MBProgress (1): 2.6/5.6 MBProgress (1): 2.6/5.6 MBProgress (1): 2.6/5.6 MBProgress (1): 2.6/5.6 MBProgress (1): 2.6/5.6 MBProgress (1): 2.6/5.6 MBProgress (1): 2.6/5.6 MBProgress (1): 2.6/5.6 MBProgress (1): 2.6/5.6 MBProgress (1): 2.6/5.6 MBProgress (1): 2.6/5.6 MBProgress (1): 2.6/5.6 MBProgress (1): 2.6/5.6 MBProgress (1): 2.6/5.6 MBProgress (1): 2.6/5.6 MBProgress (1): 2.6/5.6 MBProgress (1): 2.6/5.6 MBProgress (1): 2.6/5.6 MBProgress (1): 2.6/5.6 MBProgress (1): 2.6/5.6 MBProgress (1): 2.6/5.6 MBProgress (1): 2.6/5.6 MBProgress (1): 2.6/5.6 MBProgress (1): 2.6/5.6 MBProgress (1): 2.6/5.6 MBProgress (1): 2.6/5.6 MBProgress (1): 2.6/5.6 MBProgress (1): 2.6/5.6 MBProgress (1): 2.6/5.6 MBProgress (1): 2.6/5.6 MBProgress (1): 2.6/5.6 MBProgress (1): 2.6/5.6 MBProgress (1): 2.6/5.6 MBProgress (1): 2.6/5.6 MBProgress (1): 2.6/5.6 MBProgress (1): 2.6/5.6 MBProgress (1): 2.6/5.6 MBProgress (1): 2.6/5.6 MBProgress (1): 2.6/5.6 MBProgress (1): 2.6/5.6 MBProgress (1): 2.6/5.6 MBProgress (1): 2.6/5.6 MBProgress (1): 2.6/5.6 MBProgress (1): 2.6/5.6 MBProgress (1): 2.6/5.6 MBProgress (1): 2.6/5.6 MBProgress (1): 2.6/5.6 MBProgress (1): 2.6/5.6 MBProgress (1): 2.7/5.6 MBProgress (1): 2.7/5.6 MBProgress (1): 2.7/5.6 MBProgress (1): 2.7/5.6 MBProgress (1): 2.7/5.6 MBProgress (1): 2.7/5.6 MBProgress (1): 2.7/5.6 MBProgress (1): 2.7/5.6 MBProgress (1): 2.7/5.6 MBProgress (1): 2.7/5.6 MBProgress (1): 2.7/5.6 MBProgress (1): 2.7/5.6 MBProgress (1): 2.7/5.6 MBProgress (1): 2.7/5.6 MBProgress (1): 2.7/5.6 MBProgress (1): 2.7/5.6 MBProgress (1): 2.7/5.6 MBProgress (1): 2.7/5.6 MBProgress (1): 2.7/5.6 MBProgress (1): 2.7/5.6 MBProgress (1): 2.7/5.6 MBProgress (1): 2.7/5.6 MBProgress (1): 2.7/5.6 MBProgress (1): 2.7/5.6 MBProgress (1): 2.7/5.6 MBProgress (1): 2.7/5.6 MBProgress (1): 2.7/5.6 MBProgress (1): 2.7/5.6 MBProgress (1): 2.7/5.6 MBProgress (1): 2.7/5.6 MBProgress (1): 2.7/5.6 MBProgress (1): 2.7/5.6 MBProgress (1): 2.7/5.6 MBProgress (1): 2.7/5.6 MBProgress (1): 2.7/5.6 MBProgress (1): 2.7/5.6 MBProgress (1): 2.7/5.6 MBProgress (1): 2.7/5.6 MBProgress (1): 2.7/5.6 MBProgress (1): 2.7/5.6 MBProgress (1): 2.7/5.6 MBProgress (1): 2.7/5.6 MBProgress (1): 2.7/5.6 MBProgress (1): 2.7/5.6 MBProgress (1): 2.7/5.6 MBProgress (1): 2.7/5.6 MBProgress (1): 2.7/5.6 MBProgress (1): 2.7/5.6 MBProgress (1): 2.7/5.6 MBProgress (1): 2.8/5.6 MBProgress (1): 2.8/5.6 MBProgress (1): 2.8/5.6 MBProgress (1): 2.8/5.6 MBProgress (1): 2.8/5.6 MBProgress (1): 2.8/5.6 MBProgress (1): 2.8/5.6 MBProgress (1): 2.8/5.6 MBProgress (1): 2.8/5.6 MBProgress (1): 2.8/5.6 MBProgress (1): 2.8/5.6 MBProgress (1): 2.8/5.6 MBProgress (1): 2.8/5.6 MBProgress (1): 2.8/5.6 MBProgress (1): 2.8/5.6 MBProgress (1): 2.8/5.6 MBProgress (1): 2.8/5.6 MBProgress (1): 2.8/5.6 MBProgress (1): 2.8/5.6 MBProgress (1): 2.8/5.6 MBProgress (1): 2.8/5.6 MBProgress (1): 2.8/5.6 MBProgress (1): 2.8/5.6 MBProgress (1): 2.8/5.6 MBProgress (1): 2.8/5.6 MBProgress (1): 2.8/5.6 MBProgress (1): 2.8/5.6 MBProgress (1): 2.8/5.6 MBProgress (1): 2.8/5.6 MBProgress (1): 2.8/5.6 MBProgress (1): 2.8/5.6 MBProgress (1): 2.8/5.6 MBProgress (1): 2.8/5.6 MBProgress (1): 2.8/5.6 MBProgress (1): 2.8/5.6 MBProgress (1): 2.8/5.6 MBProgress (1): 2.8/5.6 MBProgress (1): 2.8/5.6 MBProgress (1): 2.8/5.6 MBProgress (1): 2.8/5.6 MBProgress (1): 2.8/5.6 MBProgress (1): 2.8/5.6 MBProgress (1): 2.8/5.6 MBProgress (1): 2.8/5.6 MBProgress (1): 2.8/5.6 MBProgress (1): 2.8/5.6 MBProgress (1): 2.8/5.6 MBProgress (1): 2.8/5.6 MBProgress (1): 2.8/5.6 MBProgress (1): 2.9/5.6 MBProgress (1): 2.9/5.6 MBProgress (1): 2.9/5.6 MBProgress (1): 2.9/5.6 MBProgress (1): 2.9/5.6 MBProgress (1): 2.9/5.6 MBProgress (1): 2.9/5.6 MBProgress (1): 2.9/5.6 MBProgress (1): 2.9/5.6 MBProgress (1): 2.9/5.6 MBProgress (1): 2.9/5.6 MBProgress (1): 2.9/5.6 MBProgress (1): 2.9/5.6 MBProgress (1): 2.9/5.6 MBProgress (1): 2.9/5.6 MBProgress (1): 2.9/5.6 MBProgress (1): 2.9/5.6 MBProgress (1): 2.9/5.6 MBProgress (1): 2.9/5.6 MBProgress (1): 2.9/5.6 MBProgress (1): 2.9/5.6 MBProgress (1): 2.9/5.6 MBProgress (1): 2.9/5.6 MBProgress (1): 2.9/5.6 MBProgress (1): 2.9/5.6 MBProgress (1): 2.9/5.6 MBProgress (1): 2.9/5.6 MBProgress (1): 2.9/5.6 MBProgress (1): 2.9/5.6 MBProgress (1): 2.9/5.6 MBProgress (1): 2.9/5.6 MBProgress (1): 2.9/5.6 MBProgress (1): 2.9/5.6 MBProgress (1): 2.9/5.6 MBProgress (1): 2.9/5.6 MBProgress (1): 2.9/5.6 MBProgress (1): 2.9/5.6 MBProgress (1): 2.9/5.6 MBProgress (1): 2.9/5.6 MBProgress (1): 2.9/5.6 MBProgress (1): 2.9/5.6 MBProgress (1): 2.9/5.6 MBProgress (1): 2.9/5.6 MBProgress (1): 2.9/5.6 MBProgress (1): 2.9/5.6 MBProgress (1): 2.9/5.6 MBProgress (1): 2.9/5.6 MBProgress (1): 2.9/5.6 MBProgress (1): 2.9/5.6 MBProgress (1): 3.0/5.6 MBProgress (1): 3.0/5.6 MBProgress (1): 3.0/5.6 MBProgress (1): 3.0/5.6 MBProgress (1): 3.0/5.6 MBProgress (1): 3.0/5.6 MBProgress (1): 3.0/5.6 MBProgress (1): 3.0/5.6 MBProgress (1): 3.0/5.6 MBProgress (1): 3.0/5.6 MBProgress (1): 3.0/5.6 MBProgress (1): 3.0/5.6 MBProgress (1): 3.0/5.6 MBProgress (1): 3.0/5.6 MBProgress (1): 3.0/5.6 MBProgress (1): 3.0/5.6 MBProgress (1): 3.0/5.6 MBProgress (1): 3.0/5.6 MBProgress (1): 3.0/5.6 MBProgress (1): 3.0/5.6 MBProgress (1): 3.0/5.6 MBProgress (1): 3.0/5.6 MBProgress (1): 3.0/5.6 MBProgress (1): 3.0/5.6 MBProgress (1): 3.0/5.6 MBProgress (1): 3.0/5.6 MBProgress (1): 3.0/5.6 MBProgress (1): 3.0/5.6 MBProgress (1): 3.0/5.6 MBProgress (1): 3.0/5.6 MBProgress (1): 3.0/5.6 MBProgress (1): 3.0/5.6 MBProgress (1): 3.0/5.6 MBProgress (1): 3.0/5.6 MBProgress (1): 3.0/5.6 MBProgress (1): 3.0/5.6 MBProgress (1): 3.0/5.6 MBProgress (1): 3.0/5.6 MBProgress (1): 3.0/5.6 MBProgress (1): 3.0/5.6 MBProgress (1): 3.0/5.6 MBProgress (1): 3.0/5.6 MBProgress (1): 3.0/5.6 MBProgress (1): 3.0/5.6 MBProgress (1): 3.0/5.6 MBProgress (1): 3.0/5.6 MBProgress (1): 3.0/5.6 MBProgress (1): 3.0/5.6 MBProgress (1): 3.0/5.6 MBProgress (1): 3.1/5.6 MBProgress (1): 3.1/5.6 MBProgress (1): 3.1/5.6 MBProgress (1): 3.1/5.6 MBProgress (1): 3.1/5.6 MBProgress (1): 3.1/5.6 MBProgress (1): 3.1/5.6 MBProgress (1): 3.1/5.6 MBProgress (1): 3.1/5.6 MBProgress (1): 3.1/5.6 MBProgress (1): 3.1/5.6 MBProgress (1): 3.1/5.6 MBProgress (1): 3.1/5.6 MBProgress (1): 3.1/5.6 MBProgress (1): 3.1/5.6 MBProgress (1): 3.1/5.6 MBProgress (1): 3.1/5.6 MBProgress (1): 3.1/5.6 MBProgress (1): 3.1/5.6 MBProgress (1): 3.1/5.6 MBProgress (1): 3.1/5.6 MBProgress (1): 3.1/5.6 MBProgress (1): 3.1/5.6 MBProgress (1): 3.1/5.6 MBProgress (1): 3.1/5.6 MBProgress (1): 3.1/5.6 MBProgress (1): 3.1/5.6 MBProgress (1): 3.1/5.6 MBProgress (1): 3.1/5.6 MBProgress (1): 3.1/5.6 MBProgress (1): 3.1/5.6 MBProgress (1): 3.1/5.6 MBProgress (1): 3.1/5.6 MBProgress (1): 3.1/5.6 MBProgress (1): 3.1/5.6 MBProgress (1): 3.1/5.6 MBProgress (1): 3.1/5.6 MBProgress (1): 3.1/5.6 MBProgress (1): 3.1/5.6 MBProgress (1): 3.1/5.6 MBProgress (1): 3.1/5.6 MBProgress (1): 3.1/5.6 MBProgress (1): 3.1/5.6 MBProgress (1): 3.1/5.6 MBProgress (1): 3.1/5.6 MBProgress (1): 3.1/5.6 MBProgress (1): 3.1/5.6 MBProgress (1): 3.1/5.6 MBProgress (1): 3.1/5.6 MBProgress (1): 3.2/5.6 MBProgress (1): 3.2/5.6 MBProgress (1): 3.2/5.6 MBProgress (1): 3.2/5.6 MBProgress (1): 3.2/5.6 MBProgress (1): 3.2/5.6 MBProgress (1): 3.2/5.6 MBProgress (1): 3.2/5.6 MBProgress (1): 3.2/5.6 MBProgress (1): 3.2/5.6 MBProgress (1): 3.2/5.6 MBProgress (1): 3.2/5.6 MBProgress (1): 3.2/5.6 MBProgress (1): 3.2/5.6 MBProgress (1): 3.2/5.6 MBProgress (1): 3.2/5.6 MBProgress (1): 3.2/5.6 MBProgress (1): 3.2/5.6 MBProgress (1): 3.2/5.6 MBProgress (1): 3.2/5.6 MBProgress (1): 3.2/5.6 MBProgress (1): 3.2/5.6 MBProgress (1): 3.2/5.6 MBProgress (1): 3.2/5.6 MBProgress (1): 3.2/5.6 MBProgress (1): 3.2/5.6 MBProgress (1): 3.2/5.6 MBProgress (1): 3.2/5.6 MBProgress (1): 3.2/5.6 MBProgress (1): 3.2/5.6 MBProgress (1): 3.2/5.6 MBProgress (1): 3.2/5.6 MBProgress (1): 3.2/5.6 MBProgress (1): 3.2/5.6 MBProgress (1): 3.2/5.6 MBProgress (1): 3.2/5.6 MBProgress (1): 3.2/5.6 MBProgress (1): 3.2/5.6 MBProgress (1): 3.2/5.6 MBProgress (1): 3.2/5.6 MBProgress (1): 3.2/5.6 MBProgress (1): 3.2/5.6 MBProgress (1): 3.2/5.6 MBProgress (1): 3.2/5.6 MBProgress (1): 3.2/5.6 MBProgress (1): 3.2/5.6 MBProgress (1): 3.2/5.6 MBProgress (1): 3.2/5.6 MBProgress (1): 3.3/5.6 MBProgress (1): 3.3/5.6 MBProgress (1): 3.3/5.6 MBProgress (1): 3.3/5.6 MBProgress (1): 3.3/5.6 MBProgress (1): 3.3/5.6 MBProgress (1): 3.3/5.6 MBProgress (1): 3.3/5.6 MBProgress (1): 3.3/5.6 MBProgress (1): 3.3/5.6 MBProgress (1): 3.3/5.6 MBProgress (1): 3.3/5.6 MBProgress (1): 3.3/5.6 MBProgress (1): 3.3/5.6 MBProgress (1): 3.3/5.6 MBProgress (1): 3.3/5.6 MBProgress (1): 3.3/5.6 MBProgress (1): 3.3/5.6 MBProgress (1): 3.3/5.6 MBProgress (1): 3.3/5.6 MBProgress (1): 3.3/5.6 MBProgress (1): 3.3/5.6 MBProgress (1): 3.3/5.6 MBProgress (1): 3.3/5.6 MBProgress (1): 3.3/5.6 MBProgress (1): 3.3/5.6 MBProgress (1): 3.3/5.6 MBProgress (1): 3.3/5.6 MBProgress (1): 3.3/5.6 MBProgress (1): 3.3/5.6 MBProgress (1): 3.3/5.6 MBProgress (1): 3.3/5.6 MBProgress (1): 3.3/5.6 MBProgress (1): 3.3/5.6 MBProgress (1): 3.3/5.6 MBProgress (1): 3.3/5.6 MBProgress (1): 3.3/5.6 MBProgress (1): 3.3/5.6 MBProgress (1): 3.3/5.6 MBProgress (1): 3.3/5.6 MBProgress (1): 3.3/5.6 MBProgress (1): 3.3/5.6 MBProgress (1): 3.3/5.6 MBProgress (1): 3.3/5.6 MBProgress (1): 3.3/5.6 MBProgress (1): 3.3/5.6 MBProgress (1): 3.3/5.6 MBProgress (1): 3.3/5.6 MBProgress (1): 3.3/5.6 MBProgress (1): 3.4/5.6 MBProgress (1): 3.4/5.6 MBProgress (1): 3.4/5.6 MBProgress (1): 3.4/5.6 MBProgress (1): 3.4/5.6 MBProgress (1): 3.4/5.6 MBProgress (1): 3.4/5.6 MBProgress (1): 3.4/5.6 MBProgress (1): 3.4/5.6 MBProgress (1): 3.4/5.6 MBProgress (1): 3.4/5.6 MBProgress (1): 3.4/5.6 MBProgress (1): 3.4/5.6 MBProgress (1): 3.4/5.6 MBProgress (1): 3.4/5.6 MBProgress (1): 3.4/5.6 MBProgress (1): 3.4/5.6 MBProgress (1): 3.4/5.6 MBProgress (1): 3.4/5.6 MBProgress (1): 3.4/5.6 MBProgress (1): 3.4/5.6 MBProgress (1): 3.4/5.6 MBProgress (1): 3.4/5.6 MBProgress (1): 3.4/5.6 MBProgress (1): 3.4/5.6 MBProgress (1): 3.4/5.6 MBProgress (1): 3.4/5.6 MBProgress (1): 3.4/5.6 MBProgress (1): 3.4/5.6 MBProgress (1): 3.4/5.6 MBProgress (1): 3.4/5.6 MBProgress (1): 3.4/5.6 MBProgress (1): 3.4/5.6 MBProgress (1): 3.4/5.6 MBProgress (1): 3.4/5.6 MBProgress (1): 3.4/5.6 MBProgress (1): 3.4/5.6 MBProgress (1): 3.4/5.6 MBProgress (1): 3.4/5.6 MBProgress (1): 3.4/5.6 MBProgress (1): 3.4/5.6 MBProgress (1): 3.4/5.6 MBProgress (1): 3.4/5.6 MBProgress (1): 3.4/5.6 MBProgress (1): 3.4/5.6 MBProgress (1): 3.4/5.6 MBProgress (1): 3.4/5.6 MBProgress (1): 3.4/5.6 MBProgress (1): 3.4/5.6 MBProgress (1): 3.5/5.6 MBProgress (1): 3.5/5.6 MBProgress (1): 3.5/5.6 MBProgress (1): 3.5/5.6 MBProgress (1): 3.5/5.6 MBProgress (1): 3.5/5.6 MBProgress (1): 3.5/5.6 MBProgress (1): 3.5/5.6 MBProgress (1): 3.5/5.6 MBProgress (1): 3.5/5.6 MBProgress (1): 3.5/5.6 MBProgress (1): 3.5/5.6 MBProgress (1): 3.5/5.6 MBProgress (1): 3.5/5.6 MBProgress (1): 3.5/5.6 MBProgress (1): 3.5/5.6 MBProgress (1): 3.5/5.6 MBProgress (1): 3.5/5.6 MBProgress (1): 3.5/5.6 MBProgress (1): 3.5/5.6 MBProgress (1): 3.5/5.6 MBProgress (1): 3.5/5.6 MBProgress (1): 3.5/5.6 MBProgress (1): 3.5/5.6 MBProgress (1): 3.5/5.6 MBProgress (1): 3.5/5.6 MBProgress (1): 3.5/5.6 MBProgress (1): 3.5/5.6 MBProgress (1): 3.5/5.6 MBProgress (1): 3.5/5.6 MBProgress (1): 3.5/5.6 MBProgress (1): 3.5/5.6 MBProgress (1): 3.5/5.6 MBProgress (1): 3.5/5.6 MBProgress (1): 3.5/5.6 MBProgress (1): 3.5/5.6 MBProgress (1): 3.5/5.6 MBProgress (1): 3.5/5.6 MBProgress (1): 3.5/5.6 MBProgress (1): 3.5/5.6 MBProgress (1): 3.5/5.6 MBProgress (1): 3.5/5.6 MBProgress (1): 3.5/5.6 MBProgress (1): 3.5/5.6 MBProgress (1): 3.5/5.6 MBProgress (1): 3.5/5.6 MBProgress (1): 3.5/5.6 MBProgress (1): 3.5/5.6 MBProgress (1): 3.5/5.6 MBProgress (1): 3.6/5.6 MBProgress (1): 3.6/5.6 MBProgress (1): 3.6/5.6 MBProgress (1): 3.6/5.6 MBProgress (1): 3.6/5.6 MBProgress (1): 3.6/5.6 MBProgress (1): 3.6/5.6 MBProgress (1): 3.6/5.6 MBProgress (1): 3.6/5.6 MBProgress (1): 3.6/5.6 MBProgress (1): 3.6/5.6 MBProgress (1): 3.6/5.6 MBProgress (1): 3.6/5.6 MBProgress (1): 3.6/5.6 MBProgress (1): 3.6/5.6 MBProgress (1): 3.6/5.6 MBProgress (1): 3.6/5.6 MBProgress (1): 3.6/5.6 MBProgress (1): 3.6/5.6 MBProgress (1): 3.6/5.6 MBProgress (1): 3.6/5.6 MBProgress (1): 3.6/5.6 MBProgress (1): 3.6/5.6 MBProgress (1): 3.6/5.6 MBProgress (1): 3.6/5.6 MBProgress (1): 3.6/5.6 MBProgress (1): 3.6/5.6 MBProgress (1): 3.6/5.6 MBProgress (1): 3.6/5.6 MBProgress (1): 3.6/5.6 MBProgress (1): 3.6/5.6 MBProgress (1): 3.6/5.6 MBProgress (1): 3.6/5.6 MBProgress (1): 3.6/5.6 MBProgress (1): 3.6/5.6 MBProgress (1): 3.6/5.6 MBProgress (1): 3.6/5.6 MBProgress (1): 3.6/5.6 MBProgress (1): 3.6/5.6 MBProgress (1): 3.6/5.6 MBProgress (1): 3.6/5.6 MBProgress (1): 3.6/5.6 MBProgress (1): 3.6/5.6 MBProgress (1): 3.6/5.6 MBProgress (1): 3.6/5.6 MBProgress (1): 3.6/5.6 MBProgress (1): 3.6/5.6 MBProgress (1): 3.6/5.6 MBProgress (1): 3.6/5.6 MBProgress (1): 3.7/5.6 MBProgress (1): 3.7/5.6 MBProgress (1): 3.7/5.6 MBProgress (1): 3.7/5.6 MBProgress (1): 3.7/5.6 MBProgress (1): 3.7/5.6 MBProgress (1): 3.7/5.6 MBProgress (1): 3.7/5.6 MBProgress (1): 3.7/5.6 MBProgress (1): 3.7/5.6 MBProgress (1): 3.7/5.6 MBProgress (1): 3.7/5.6 MBProgress (1): 3.7/5.6 MBProgress (1): 3.7/5.6 MBProgress (1): 3.7/5.6 MBProgress (1): 3.7/5.6 MBProgress (1): 3.7/5.6 MBProgress (1): 3.7/5.6 MBProgress (1): 3.7/5.6 MBProgress (1): 3.7/5.6 MBProgress (1): 3.7/5.6 MBProgress (1): 3.7/5.6 MBProgress (1): 3.7/5.6 MBProgress (1): 3.7/5.6 MBProgress (1): 3.7/5.6 MBProgress (1): 3.7/5.6 MBProgress (1): 3.7/5.6 MBProgress (1): 3.7/5.6 MBProgress (1): 3.7/5.6 MBProgress (1): 3.7/5.6 MBProgress (1): 3.7/5.6 MBProgress (1): 3.7/5.6 MBProgress (1): 3.7/5.6 MBProgress (1): 3.7/5.6 MBProgress (1): 3.7/5.6 MBProgress (1): 3.7/5.6 MBProgress (1): 3.7/5.6 MBProgress (1): 3.7/5.6 MBProgress (1): 3.7/5.6 MBProgress (1): 3.7/5.6 MBProgress (1): 3.7/5.6 MBProgress (1): 3.7/5.6 MBProgress (1): 3.7/5.6 MBProgress (1): 3.7/5.6 MBProgress (1): 3.7/5.6 MBProgress (1): 3.7/5.6 MBProgress (1): 3.7/5.6 MBProgress (1): 3.7/5.6 MBProgress (1): 3.7/5.6 MBProgress (1): 3.8/5.6 MBProgress (1): 3.8/5.6 MBProgress (1): 3.8/5.6 MBProgress (1): 3.8/5.6 MBProgress (1): 3.8/5.6 MBProgress (1): 3.8/5.6 MBProgress (1): 3.8/5.6 MBProgress (1): 3.8/5.6 MBProgress (1): 3.8/5.6 MBProgress (1): 3.8/5.6 MBProgress (1): 3.8/5.6 MBProgress (1): 3.8/5.6 MBProgress (1): 3.8/5.6 MBProgress (1): 3.8/5.6 MBProgress (1): 3.8/5.6 MBProgress (1): 3.8/5.6 MBProgress (1): 3.8/5.6 MBProgress (1): 3.8/5.6 MBProgress (1): 3.8/5.6 MBProgress (1): 3.8/5.6 MBProgress (1): 3.8/5.6 MBProgress (1): 3.8/5.6 MBProgress (1): 3.8/5.6 MBProgress (1): 3.8/5.6 MBProgress (1): 3.8/5.6 MBProgress (1): 3.8/5.6 MBProgress (1): 3.8/5.6 MBProgress (1): 3.8/5.6 MBProgress (1): 3.8/5.6 MBProgress (1): 3.8/5.6 MBProgress (1): 3.8/5.6 MBProgress (1): 3.8/5.6 MBProgress (1): 3.8/5.6 MBProgress (1): 3.8/5.6 MBProgress (1): 3.8/5.6 MBProgress (1): 3.8/5.6 MBProgress (1): 3.8/5.6 MBProgress (1): 3.8/5.6 MBProgress (1): 3.8/5.6 MBProgress (1): 3.8/5.6 MBProgress (1): 3.8/5.6 MBProgress (1): 3.8/5.6 MBProgress (1): 3.8/5.6 MBProgress (1): 3.8/5.6 MBProgress (1): 3.8/5.6 MBProgress (1): 3.8/5.6 MBProgress (1): 3.8/5.6 MBProgress (1): 3.8/5.6 MBProgress (1): 3.9/5.6 MBProgress (1): 3.9/5.6 MBProgress (1): 3.9/5.6 MBProgress (1): 3.9/5.6 MBProgress (1): 3.9/5.6 MBProgress (1): 3.9/5.6 MBProgress (1): 3.9/5.6 MBProgress (1): 3.9/5.6 MBProgress (1): 3.9/5.6 MBProgress (1): 3.9/5.6 MBProgress (1): 3.9/5.6 MBProgress (1): 3.9/5.6 MBProgress (1): 3.9/5.6 MBProgress (1): 3.9/5.6 MBProgress (1): 3.9/5.6 MBProgress (1): 3.9/5.6 MBProgress (1): 3.9/5.6 MBProgress (1): 3.9/5.6 MBProgress (1): 3.9/5.6 MBProgress (1): 3.9/5.6 MBProgress (1): 3.9/5.6 MBProgress (1): 3.9/5.6 MBProgress (1): 3.9/5.6 MBProgress (1): 3.9/5.6 MBProgress (1): 3.9/5.6 MBProgress (1): 3.9/5.6 MBProgress (1): 3.9/5.6 MBProgress (1): 3.9/5.6 MBProgress (1): 3.9/5.6 MBProgress (1): 3.9/5.6 MBProgress (1): 3.9/5.6 MBProgress (1): 3.9/5.6 MBProgress (1): 3.9/5.6 MBProgress (1): 3.9/5.6 MBProgress (1): 3.9/5.6 MBProgress (1): 3.9/5.6 MBProgress (1): 3.9/5.6 MBProgress (1): 3.9/5.6 MBProgress (1): 3.9/5.6 MBProgress (1): 3.9/5.6 MBProgress (1): 3.9/5.6 MBProgress (1): 3.9/5.6 MBProgress (1): 3.9/5.6 MBProgress (1): 3.9/5.6 MBProgress (1): 3.9/5.6 MBProgress (1): 3.9/5.6 MBProgress (1): 3.9/5.6 MBProgress (1): 3.9/5.6 MBProgress (1): 3.9/5.6 MBProgress (1): 4.0/5.6 MBProgress (1): 4.0/5.6 MBProgress (1): 4.0/5.6 MBProgress (1): 4.0/5.6 MBProgress (1): 4.0/5.6 MBProgress (1): 4.0/5.6 MBProgress (1): 4.0/5.6 MBProgress (1): 4.0/5.6 MBProgress (1): 4.0/5.6 MBProgress (1): 4.0/5.6 MBProgress (1): 4.0/5.6 MBProgress (1): 4.0/5.6 MBProgress (1): 4.0/5.6 MBProgress (1): 4.0/5.6 MBProgress (1): 4.0/5.6 MBProgress (1): 4.0/5.6 MBProgress (1): 4.0/5.6 MBProgress (1): 4.0/5.6 MBProgress (1): 4.0/5.6 MBProgress (1): 4.0/5.6 MBProgress (1): 4.0/5.6 MBProgress (1): 4.0/5.6 MBProgress (1): 4.0/5.6 MBProgress (1): 4.0/5.6 MBProgress (1): 4.0/5.6 MBProgress (1): 4.0/5.6 MBProgress (1): 4.0/5.6 MBProgress (1): 4.0/5.6 MBProgress (1): 4.0/5.6 MBProgress (1): 4.0/5.6 MBProgress (1): 4.0/5.6 MBProgress (1): 4.0/5.6 MBProgress (1): 4.0/5.6 MBProgress (1): 4.0/5.6 MBProgress (1): 4.0/5.6 MBProgress (1): 4.0/5.6 MBProgress (1): 4.0/5.6 MBProgress (1): 4.0/5.6 MBProgress (1): 4.0/5.6 MBProgress (1): 4.0/5.6 MBProgress (1): 4.0/5.6 MBProgress (1): 4.0/5.6 MBProgress (1): 4.0/5.6 MBProgress (1): 4.0/5.6 MBProgress (1): 4.0/5.6 MBProgress (1): 4.0/5.6 MBProgress (1): 4.0/5.6 MBProgress (1): 4.0/5.6 MBProgress (1): 4.0/5.6 MBProgress (1): 4.1/5.6 MBProgress (1): 4.1/5.6 MBProgress (1): 4.1/5.6 MBProgress (1): 4.1/5.6 MBProgress (1): 4.1/5.6 MBProgress (1): 4.1/5.6 MBProgress (1): 4.1/5.6 MBProgress (1): 4.1/5.6 MBProgress (1): 4.1/5.6 MBProgress (1): 4.1/5.6 MBProgress (1): 4.1/5.6 MBProgress (1): 4.1/5.6 MBProgress (1): 4.1/5.6 MBProgress (1): 4.1/5.6 MBProgress (1): 4.1/5.6 MBProgress (1): 4.1/5.6 MBProgress (1): 4.1/5.6 MBProgress (1): 4.1/5.6 MBProgress (1): 4.1/5.6 MBProgress (1): 4.1/5.6 MBProgress (1): 4.1/5.6 MBProgress (1): 4.1/5.6 MBProgress (1): 4.1/5.6 MBProgress (1): 4.1/5.6 MBProgress (1): 4.1/5.6 MBProgress (1): 4.1/5.6 MBProgress (1): 4.1/5.6 MBProgress (1): 4.1/5.6 MBProgress (1): 4.1/5.6 MBProgress (1): 4.1/5.6 MBProgress (1): 4.1/5.6 MBProgress (1): 4.1/5.6 MBProgress (1): 4.1/5.6 MBProgress (1): 4.1/5.6 MBProgress (1): 4.1/5.6 MBProgress (1): 4.1/5.6 MBProgress (1): 4.1/5.6 MBProgress (1): 4.1/5.6 MBProgress (1): 4.1/5.6 MBProgress (1): 4.1/5.6 MBProgress (1): 4.1/5.6 MBProgress (1): 4.1/5.6 MBProgress (1): 4.1/5.6 MBProgress (1): 4.1/5.6 MBProgress (1): 4.1/5.6 MBProgress (1): 4.1/5.6 MBProgress (1): 4.1/5.6 MBProgress (1): 4.1/5.6 MBProgress (1): 4.1/5.6 MBProgress (1): 4.2/5.6 MBProgress (1): 4.2/5.6 MBProgress (1): 4.2/5.6 MBProgress (1): 4.2/5.6 MBProgress (1): 4.2/5.6 MBProgress (1): 4.2/5.6 MBProgress (1): 4.2/5.6 MBProgress (1): 4.2/5.6 MBProgress (1): 4.2/5.6 MBProgress (1): 4.2/5.6 MBProgress (1): 4.2/5.6 MBProgress (1): 4.2/5.6 MBProgress (1): 4.2/5.6 MBProgress (1): 4.2/5.6 MBProgress (1): 4.2/5.6 MBProgress (1): 4.2/5.6 MBProgress (1): 4.2/5.6 MBProgress (1): 4.2/5.6 MBProgress (1): 4.2/5.6 MBProgress (1): 4.2/5.6 MBProgress (1): 4.2/5.6 MBProgress (1): 4.2/5.6 MBProgress (1): 4.2/5.6 MBProgress (1): 4.2/5.6 MBProgress (1): 4.2/5.6 MBProgress (1): 4.2/5.6 MBProgress (1): 4.2/5.6 MBProgress (1): 4.2/5.6 MBProgress (1): 4.2/5.6 MBProgress (1): 4.2/5.6 MBProgress (1): 4.2/5.6 MBProgress (1): 4.2/5.6 MBProgress (1): 4.2/5.6 MBProgress (1): 4.2/5.6 MBProgress (1): 4.2/5.6 MBProgress (1): 4.2/5.6 MBProgress (1): 4.2/5.6 MBProgress (1): 4.2/5.6 MBProgress (1): 4.2/5.6 MBProgress (1): 4.2/5.6 MBProgress (1): 4.2/5.6 MBProgress (1): 4.2/5.6 MBProgress (1): 4.2/5.6 MBProgress (1): 4.2/5.6 MBProgress (1): 4.2/5.6 MBProgress (1): 4.2/5.6 MBProgress (1): 4.2/5.6 MBProgress (1): 4.2/5.6 MBProgress (1): 4.2/5.6 MBProgress (1): 4.3/5.6 MBProgress (1): 4.3/5.6 MBProgress (1): 4.3/5.6 MBProgress (1): 4.3/5.6 MBProgress (1): 4.3/5.6 MBProgress (1): 4.3/5.6 MBProgress (1): 4.3/5.6 MBProgress (1): 4.3/5.6 MBProgress (1): 4.3/5.6 MBProgress (1): 4.3/5.6 MBProgress (1): 4.3/5.6 MBProgress (1): 4.3/5.6 MBProgress (1): 4.3/5.6 MBProgress (1): 4.3/5.6 MBProgress (1): 4.3/5.6 MBProgress (1): 4.3/5.6 MBProgress (1): 4.3/5.6 MBProgress (1): 4.3/5.6 MBProgress (1): 4.3/5.6 MBProgress (1): 4.3/5.6 MBProgress (1): 4.3/5.6 MBProgress (1): 4.3/5.6 MBProgress (1): 4.3/5.6 MBProgress (1): 4.3/5.6 MBProgress (1): 4.3/5.6 MBProgress (1): 4.3/5.6 MBProgress (1): 4.3/5.6 MBProgress (1): 4.3/5.6 MBProgress (1): 4.3/5.6 MBProgress (1): 4.3/5.6 MBProgress (1): 4.3/5.6 MBProgress (1): 4.3/5.6 MBProgress (1): 4.3/5.6 MBProgress (1): 4.3/5.6 MBProgress (1): 4.3/5.6 MBProgress (1): 4.3/5.6 MBProgress (1): 4.3/5.6 MBProgress (1): 4.3/5.6 MBProgress (1): 4.3/5.6 MBProgress (1): 4.3/5.6 MBProgress (1): 4.3/5.6 MBProgress (1): 4.3/5.6 MBProgress (1): 4.3/5.6 MBProgress (1): 4.3/5.6 MBProgress (1): 4.3/5.6 MBProgress (1): 4.3/5.6 MBProgress (1): 4.3/5.6 MBProgress (1): 4.3/5.6 MBProgress (1): 4.3/5.6 MBProgress (1): 4.4/5.6 MBProgress (1): 4.4/5.6 MBProgress (1): 4.4/5.6 MBProgress (1): 4.4/5.6 MBProgress (1): 4.4/5.6 MBProgress (1): 4.4/5.6 MBProgress (1): 4.4/5.6 MBProgress (1): 4.4/5.6 MBProgress (1): 4.4/5.6 MBProgress (1): 4.4/5.6 MBProgress (1): 4.4/5.6 MBProgress (1): 4.4/5.6 MBProgress (1): 4.4/5.6 MBProgress (1): 4.4/5.6 MBProgress (1): 4.4/5.6 MBProgress (1): 4.4/5.6 MBProgress (1): 4.4/5.6 MBProgress (1): 4.4/5.6 MBProgress (1): 4.4/5.6 MBProgress (1): 4.4/5.6 MBProgress (1): 4.4/5.6 MBProgress (1): 4.4/5.6 MBProgress (1): 4.4/5.6 MBProgress (1): 4.4/5.6 MBProgress (1): 4.4/5.6 MBProgress (1): 4.4/5.6 MBProgress (1): 4.4/5.6 MBProgress (1): 4.4/5.6 MBProgress (1): 4.4/5.6 MBProgress (1): 4.4/5.6 MBProgress (1): 4.4/5.6 MBProgress (1): 4.4/5.6 MBProgress (1): 4.4/5.6 MBProgress (1): 4.4/5.6 MBProgress (1): 4.4/5.6 MBProgress (1): 4.4/5.6 MBProgress (1): 4.4/5.6 MBProgress (1): 4.4/5.6 MBProgress (1): 4.4/5.6 MBProgress (1): 4.4/5.6 MBProgress (1): 4.4/5.6 MBProgress (1): 4.4/5.6 MBProgress (1): 4.4/5.6 MBProgress (1): 4.4/5.6 MBProgress (1): 4.4/5.6 MBProgress (1): 4.4/5.6 MBProgress (1): 4.4/5.6 MBProgress (1): 4.4/5.6 MBProgress (1): 4.5/5.6 MBProgress (1): 4.5/5.6 MBProgress (1): 4.5/5.6 MBProgress (1): 4.5/5.6 MBProgress (1): 4.5/5.6 MBProgress (1): 4.5/5.6 MBProgress (1): 4.5/5.6 MBProgress (1): 4.5/5.6 MBProgress (1): 4.5/5.6 MBProgress (1): 4.5/5.6 MBProgress (1): 4.5/5.6 MBProgress (1): 4.5/5.6 MBProgress (1): 4.5/5.6 MBProgress (1): 4.5/5.6 MBProgress (1): 4.5/5.6 MBProgress (1): 4.5/5.6 MBProgress (1): 4.5/5.6 MBProgress (1): 4.5/5.6 MBProgress (1): 4.5/5.6 MBProgress (1): 4.5/5.6 MBProgress (1): 4.5/5.6 MBProgress (1): 4.5/5.6 MBProgress (1): 4.5/5.6 MBProgress (1): 4.5/5.6 MBProgress (1): 4.5/5.6 MBProgress (1): 4.5/5.6 MBProgress (1): 4.5/5.6 MBProgress (1): 4.5/5.6 MBProgress (1): 4.5/5.6 MBProgress (1): 4.5/5.6 MBProgress (1): 4.5/5.6 MBProgress (1): 4.5/5.6 MBProgress (1): 4.5/5.6 MBProgress (1): 4.5/5.6 MBProgress (1): 4.5/5.6 MBProgress (1): 4.5/5.6 MBProgress (1): 4.5/5.6 MBProgress (1): 4.5/5.6 MBProgress (1): 4.5/5.6 MBProgress (1): 4.5/5.6 MBProgress (1): 4.5/5.6 MBProgress (1): 4.5/5.6 MBProgress (1): 4.5/5.6 MBProgress (1): 4.5/5.6 MBProgress (1): 4.5/5.6 MBProgress (1): 4.5/5.6 MBProgress (1): 4.5/5.6 MBProgress (1): 4.5/5.6 MBProgress (1): 4.5/5.6 MBProgress (1): 4.6/5.6 MBProgress (1): 4.6/5.6 MBProgress (1): 4.6/5.6 MBProgress (1): 4.6/5.6 MBProgress (1): 4.6/5.6 MBProgress (1): 4.6/5.6 MBProgress (1): 4.6/5.6 MBProgress (1): 4.6/5.6 MBProgress (1): 4.6/5.6 MBProgress (1): 4.6/5.6 MBProgress (1): 4.6/5.6 MBProgress (1): 4.6/5.6 MBProgress (1): 4.6/5.6 MBProgress (1): 4.6/5.6 MBProgress (1): 4.6/5.6 MBProgress (1): 4.6/5.6 MBProgress (1): 4.6/5.6 MBProgress (1): 4.6/5.6 MBProgress (1): 4.6/5.6 MBProgress (1): 4.6/5.6 MBProgress (1): 4.6/5.6 MBProgress (1): 4.6/5.6 MBProgress (1): 4.6/5.6 MBProgress (1): 4.6/5.6 MBProgress (1): 4.6/5.6 MBProgress (1): 4.6/5.6 MBProgress (1): 4.6/5.6 MBProgress (1): 4.6/5.6 MBProgress (1): 4.6/5.6 MBProgress (1): 4.6/5.6 MBProgress (1): 4.6/5.6 MBProgress (1): 4.6/5.6 MBProgress (1): 4.6/5.6 MBProgress (1): 4.6/5.6 MBProgress (1): 4.6/5.6 MBProgress (1): 4.6/5.6 MBProgress (1): 4.6/5.6 MBProgress (1): 4.6/5.6 MBProgress (1): 4.6/5.6 MBProgress (1): 4.6/5.6 MBProgress (1): 4.6/5.6 MBProgress (1): 4.6/5.6 MBProgress (1): 4.6/5.6 MBProgress (1): 4.6/5.6 MBProgress (1): 4.6/5.6 MBProgress (1): 4.6/5.6 MBProgress (1): 4.6/5.6 MBProgress (1): 4.6/5.6 MBProgress (1): 4.6/5.6 MBProgress (1): 4.7/5.6 MBProgress (1): 4.7/5.6 MBProgress (1): 4.7/5.6 MBProgress (1): 4.7/5.6 MBProgress (1): 4.7/5.6 MBProgress (1): 4.7/5.6 MBProgress (1): 4.7/5.6 MBProgress (1): 4.7/5.6 MBProgress (1): 4.7/5.6 MBProgress (1): 4.7/5.6 MBProgress (1): 4.7/5.6 MBProgress (1): 4.7/5.6 MBProgress (1): 4.7/5.6 MBProgress (1): 4.7/5.6 MBProgress (1): 4.7/5.6 MBProgress (1): 4.7/5.6 MBProgress (1): 4.7/5.6 MBProgress (1): 4.7/5.6 MBProgress (1): 4.7/5.6 MBProgress (1): 4.7/5.6 MBProgress (1): 4.7/5.6 MBProgress (1): 4.7/5.6 MBProgress (1): 4.7/5.6 MBProgress (1): 4.7/5.6 MBProgress (1): 4.7/5.6 MBProgress (1): 4.7/5.6 MBProgress (1): 4.7/5.6 MBProgress (1): 4.7/5.6 MBProgress (1): 4.7/5.6 MBProgress (1): 4.7/5.6 MBProgress (1): 4.7/5.6 MBProgress (1): 4.7/5.6 MBProgress (1): 4.7/5.6 MBProgress (1): 4.7/5.6 MBProgress (1): 4.7/5.6 MBProgress (1): 4.7/5.6 MBProgress (1): 4.7/5.6 MBProgress (1): 4.7/5.6 MBProgress (1): 4.7/5.6 MBProgress (1): 4.7/5.6 MBProgress (1): 4.7/5.6 MBProgress (1): 4.7/5.6 MBProgress (1): 4.7/5.6 MBProgress (1): 4.7/5.6 MBProgress (1): 4.7/5.6 MBProgress (1): 4.7/5.6 MBProgress (1): 4.7/5.6 MBProgress (1): 4.7/5.6 MBProgress (1): 4.7/5.6 MBProgress (1): 4.8/5.6 MBProgress (1): 4.8/5.6 MBProgress (1): 4.8/5.6 MBProgress (1): 4.8/5.6 MBProgress (1): 4.8/5.6 MBProgress (1): 4.8/5.6 MBProgress (1): 4.8/5.6 MBProgress (1): 4.8/5.6 MBProgress (1): 4.8/5.6 MBProgress (1): 4.8/5.6 MBProgress (1): 4.8/5.6 MBProgress (1): 4.8/5.6 MBProgress (1): 4.8/5.6 MBProgress (1): 4.8/5.6 MBProgress (1): 4.8/5.6 MBProgress (1): 4.8/5.6 MBProgress (1): 4.8/5.6 MBProgress (1): 4.8/5.6 MBProgress (1): 4.8/5.6 MBProgress (1): 4.8/5.6 MBProgress (1): 4.8/5.6 MBProgress (1): 4.8/5.6 MBProgress (1): 4.8/5.6 MBProgress (1): 4.8/5.6 MBProgress (1): 4.8/5.6 MBProgress (1): 4.8/5.6 MBProgress (1): 4.8/5.6 MBProgress (1): 4.8/5.6 MBProgress (1): 4.8/5.6 MBProgress (1): 4.8/5.6 MBProgress (1): 4.8/5.6 MBProgress (1): 4.8/5.6 MBProgress (1): 4.8/5.6 MBProgress (1): 4.8/5.6 MBProgress (1): 4.8/5.6 MBProgress (1): 4.8/5.6 MBProgress (1): 4.8/5.6 MBProgress (1): 4.8/5.6 MBProgress (1): 4.8/5.6 MBProgress (1): 4.8/5.6 MBProgress (1): 4.8/5.6 MBProgress (1): 4.8/5.6 MBProgress (1): 4.8/5.6 MBProgress (1): 4.8/5.6 MBProgress (1): 4.8/5.6 MBProgress (1): 4.8/5.6 MBProgress (1): 4.8/5.6 MBProgress (1): 4.8/5.6 MBProgress (1): 4.8/5.6 MBProgress (1): 4.9/5.6 MBProgress (1): 4.9/5.6 MBProgress (1): 4.9/5.6 MBProgress (1): 4.9/5.6 MBProgress (1): 4.9/5.6 MBProgress (1): 4.9/5.6 MBProgress (1): 4.9/5.6 MBProgress (1): 4.9/5.6 MBProgress (1): 4.9/5.6 MBProgress (1): 4.9/5.6 MBProgress (1): 4.9/5.6 MBProgress (1): 4.9/5.6 MBProgress (1): 4.9/5.6 MBProgress (1): 4.9/5.6 MBProgress (1): 4.9/5.6 MBProgress (1): 4.9/5.6 MBProgress (1): 4.9/5.6 MBProgress (1): 4.9/5.6 MBProgress (1): 4.9/5.6 MBProgress (1): 4.9/5.6 MBProgress (1): 4.9/5.6 MBProgress (1): 4.9/5.6 MBProgress (1): 4.9/5.6 MBProgress (1): 4.9/5.6 MBProgress (1): 4.9/5.6 MBProgress (1): 4.9/5.6 MBProgress (1): 4.9/5.6 MBProgress (1): 4.9/5.6 MBProgress (1): 4.9/5.6 MBProgress (1): 4.9/5.6 MBProgress (1): 4.9/5.6 MBProgress (1): 4.9/5.6 MBProgress (1): 4.9/5.6 MBProgress (1): 4.9/5.6 MBProgress (1): 4.9/5.6 MBProgress (1): 4.9/5.6 MBProgress (1): 4.9/5.6 MBProgress (1): 4.9/5.6 MBProgress (1): 4.9/5.6 MBProgress (1): 4.9/5.6 MBProgress (1): 4.9/5.6 MBProgress (1): 4.9/5.6 MBProgress (1): 4.9/5.6 MBProgress (1): 4.9/5.6 MBProgress (1): 4.9/5.6 MBProgress (1): 4.9/5.6 MBProgress (1): 4.9/5.6 MBProgress (1): 4.9/5.6 MBProgress (1): 5.0/5.6 MBProgress (1): 5.0/5.6 MBProgress (1): 5.0/5.6 MBProgress (1): 5.0/5.6 MBProgress (1): 5.0/5.6 MBProgress (1): 5.0/5.6 MBProgress (1): 5.0/5.6 MBProgress (1): 5.0/5.6 MBProgress (1): 5.0/5.6 MBProgress (1): 5.0/5.6 MBProgress (1): 5.0/5.6 MBProgress (1): 5.0/5.6 MBProgress (1): 5.0/5.6 MBProgress (1): 5.0/5.6 MBProgress (1): 5.0/5.6 MBProgress (1): 5.0/5.6 MBProgress (1): 5.0/5.6 MBProgress (1): 5.0/5.6 MBProgress (1): 5.0/5.6 MBProgress (1): 5.0/5.6 MBProgress (1): 5.0/5.6 MBProgress (1): 5.0/5.6 MBProgress (1): 5.0/5.6 MBProgress (1): 5.0/5.6 MBProgress (1): 5.0/5.6 MBProgress (1): 5.0/5.6 MBProgress (1): 5.0/5.6 MBProgress (1): 5.0/5.6 MBProgress (1): 5.0/5.6 MBProgress (1): 5.0/5.6 MBProgress (1): 5.0/5.6 MBProgress (1): 5.0/5.6 MBProgress (1): 5.0/5.6 MBProgress (1): 5.0/5.6 MBProgress (1): 5.0/5.6 MBProgress (1): 5.0/5.6 MBProgress (1): 5.0/5.6 MBProgress (1): 5.0/5.6 MBProgress (1): 5.0/5.6 MBProgress (1): 5.0/5.6 MBProgress (1): 5.0/5.6 MBProgress (1): 5.0/5.6 MBProgress (1): 5.0/5.6 MBProgress (1): 5.0/5.6 MBProgress (1): 5.0/5.6 MBProgress (1): 5.0/5.6 MBProgress (1): 5.0/5.6 MBProgress (1): 5.0/5.6 MBProgress (1): 5.0/5.6 MBProgress (1): 5.1/5.6 MBProgress (1): 5.1/5.6 MBProgress (1): 5.1/5.6 MBProgress (1): 5.1/5.6 MBProgress (1): 5.1/5.6 MBProgress (1): 5.1/5.6 MBProgress (1): 5.1/5.6 MBProgress (1): 5.1/5.6 MBProgress (1): 5.1/5.6 MBProgress (1): 5.1/5.6 MBProgress (1): 5.1/5.6 MBProgress (1): 5.1/5.6 MBProgress (1): 5.1/5.6 MBProgress (1): 5.1/5.6 MBProgress (1): 5.1/5.6 MBProgress (1): 5.1/5.6 MBProgress (1): 5.1/5.6 MBProgress (1): 5.1/5.6 MBProgress (1): 5.1/5.6 MBProgress (1): 5.1/5.6 MBProgress (1): 5.1/5.6 MBProgress (1): 5.1/5.6 MBProgress (1): 5.1/5.6 MBProgress (1): 5.1/5.6 MBProgress (1): 5.1/5.6 MBProgress (1): 5.1/5.6 MBProgress (1): 5.1/5.6 MBProgress (1): 5.1/5.6 MBProgress (1): 5.1/5.6 MBProgress (1): 5.1/5.6 MBProgress (1): 5.1/5.6 MBProgress (1): 5.1/5.6 MBProgress (1): 5.1/5.6 MBProgress (1): 5.1/5.6 MBProgress (1): 5.1/5.6 MBProgress (1): 5.1/5.6 MBProgress (1): 5.1/5.6 MBProgress (1): 5.1/5.6 MBProgress (1): 5.1/5.6 MBProgress (1): 5.1/5.6 MBProgress (1): 5.1/5.6 MBProgress (1): 5.1/5.6 MBProgress (1): 5.1/5.6 MBProgress (1): 5.1/5.6 MBProgress (1): 5.1/5.6 MBProgress (1): 5.1/5.6 MBProgress (1): 5.1/5.6 MBProgress (1): 5.1/5.6 MBProgress (1): 5.1/5.6 MBProgress (1): 5.2/5.6 MBProgress (1): 5.2/5.6 MBProgress (1): 5.2/5.6 MBProgress (1): 5.2/5.6 MBProgress (1): 5.2/5.6 MBProgress (1): 5.2/5.6 MBProgress (1): 5.2/5.6 MBProgress (1): 5.2/5.6 MBProgress (1): 5.2/5.6 MBProgress (1): 5.2/5.6 MBProgress (1): 5.2/5.6 MBProgress (1): 5.2/5.6 MBProgress (1): 5.2/5.6 MBProgress (1): 5.2/5.6 MBProgress (1): 5.2/5.6 MBProgress (1): 5.2/5.6 MBProgress (1): 5.2/5.6 MBProgress (1): 5.2/5.6 MBProgress (1): 5.2/5.6 MBProgress (1): 5.2/5.6 MBProgress (1): 5.2/5.6 MBProgress (1): 5.2/5.6 MBProgress (1): 5.2/5.6 MBProgress (1): 5.2/5.6 MBProgress (1): 5.2/5.6 MBProgress (1): 5.2/5.6 MBProgress (1): 5.2/5.6 MBProgress (1): 5.2/5.6 MBProgress (1): 5.2/5.6 MBProgress (1): 5.2/5.6 MBProgress (1): 5.2/5.6 MBProgress (1): 5.2/5.6 MBProgress (1): 5.2/5.6 MBProgress (1): 5.2/5.6 MBProgress (1): 5.2/5.6 MBProgress (1): 5.2/5.6 MBProgress (1): 5.2/5.6 MBProgress (1): 5.2/5.6 MBProgress (1): 5.2/5.6 MBProgress (1): 5.2/5.6 MBProgress (1): 5.2/5.6 MBProgress (1): 5.2/5.6 MBProgress (1): 5.2/5.6 MBProgress (1): 5.2/5.6 MBProgress (1): 5.2/5.6 MBProgress (1): 5.2/5.6 MBProgress (1): 5.2/5.6 MBProgress (1): 5.2/5.6 MBProgress (1): 5.2/5.6 MBProgress (1): 5.3/5.6 MBProgress (1): 5.3/5.6 MBProgress (1): 5.3/5.6 MBProgress (1): 5.3/5.6 MBProgress (1): 5.3/5.6 MBProgress (1): 5.3/5.6 MBProgress (1): 5.3/5.6 MBProgress (1): 5.3/5.6 MBProgress (1): 5.3/5.6 MBProgress (1): 5.3/5.6 MBProgress (1): 5.3/5.6 MBProgress (1): 5.3/5.6 MBProgress (1): 5.3/5.6 MBProgress (1): 5.3/5.6 MBProgress (1): 5.3/5.6 MBProgress (1): 5.3/5.6 MBProgress (1): 5.3/5.6 MBProgress (1): 5.3/5.6 MBProgress (1): 5.3/5.6 MBProgress (1): 5.3/5.6 MBProgress (1): 5.3/5.6 MBProgress (1): 5.3/5.6 MBProgress (1): 5.3/5.6 MBProgress (1): 5.3/5.6 MBProgress (1): 5.3/5.6 MBProgress (1): 5.3/5.6 MBProgress (1): 5.3/5.6 MBProgress (1): 5.3/5.6 MBProgress (1): 5.3/5.6 MBProgress (1): 5.3/5.6 MBProgress (1): 5.3/5.6 MBProgress (1): 5.3/5.6 MBProgress (1): 5.3/5.6 MBProgress (1): 5.3/5.6 MBProgress (1): 5.3/5.6 MBProgress (1): 5.3/5.6 MBProgress (1): 5.3/5.6 MBProgress (1): 5.3/5.6 MBProgress (1): 5.3/5.6 MBProgress (1): 5.3/5.6 MBProgress (1): 5.3/5.6 MBProgress (1): 5.3/5.6 MBProgress (1): 5.3/5.6 MBProgress (1): 5.3/5.6 MBProgress (1): 5.3/5.6 MBProgress (1): 5.3/5.6 MBProgress (1): 5.3/5.6 MBProgress (1): 5.3/5.6 MBProgress (1): 5.3/5.6 MBProgress (1): 5.4/5.6 MBProgress (1): 5.4/5.6 MBProgress (1): 5.4/5.6 MBProgress (1): 5.4/5.6 MBProgress (1): 5.4/5.6 MBProgress (1): 5.4/5.6 MBProgress (1): 5.4/5.6 MBProgress (1): 5.4/5.6 MBProgress (1): 5.4/5.6 MBProgress (1): 5.4/5.6 MBProgress (1): 5.4/5.6 MBProgress (1): 5.4/5.6 MBProgress (1): 5.4/5.6 MBProgress (1): 5.4/5.6 MBProgress (1): 5.4/5.6 MBProgress (1): 5.4/5.6 MBProgress (1): 5.4/5.6 MBProgress (1): 5.4/5.6 MBProgress (1): 5.4/5.6 MBProgress (1): 5.4/5.6 MBProgress (1): 5.4/5.6 MBProgress (1): 5.4/5.6 MBProgress (1): 5.4/5.6 MBProgress (1): 5.4/5.6 MBProgress (1): 5.4/5.6 MBProgress (1): 5.4/5.6 MBProgress (1): 5.4/5.6 MBProgress (1): 5.4/5.6 MBProgress (1): 5.4/5.6 MBProgress (1): 5.4/5.6 MBProgress (1): 5.4/5.6 MBProgress (1): 5.4/5.6 MBProgress (1): 5.4/5.6 MBProgress (1): 5.4/5.6 MBProgress (1): 5.4/5.6 MBProgress (1): 5.4/5.6 MBProgress (1): 5.4/5.6 MBProgress (1): 5.4/5.6 MBProgress (1): 5.4/5.6 MBProgress (1): 5.4/5.6 MBProgress (1): 5.4/5.6 MBProgress (1): 5.4/5.6 MBProgress (1): 5.4/5.6 MBProgress (1): 5.4/5.6 MBProgress (1): 5.4/5.6 MBProgress (1): 5.4/5.6 MBProgress (1): 5.4/5.6 MBProgress (1): 5.4/5.6 MBProgress (1): 5.4/5.6 MBProgress (1): 5.5/5.6 MBProgress (1): 5.5/5.6 MBProgress (1): 5.5/5.6 MBProgress (1): 5.5/5.6 MBProgress (1): 5.5/5.6 MBProgress (1): 5.5/5.6 MBProgress (1): 5.5/5.6 MBProgress (1): 5.5/5.6 MBProgress (1): 5.5/5.6 MBProgress (1): 5.5/5.6 MBProgress (1): 5.5/5.6 MBProgress (1): 5.5/5.6 MBProgress (1): 5.5/5.6 MBProgress (1): 5.5/5.6 MBProgress (1): 5.5/5.6 MBProgress (1): 5.5/5.6 MBProgress (1): 5.5/5.6 MBProgress (1): 5.5/5.6 MBProgress (1): 5.5/5.6 MBProgress (1): 5.5/5.6 MBProgress (1): 5.5/5.6 MBProgress (1): 5.5/5.6 MBProgress (1): 5.5/5.6 MBProgress (1): 5.5/5.6 MBProgress (1): 5.5/5.6 MBProgress (1): 5.5/5.6 MBProgress (1): 5.5/5.6 MBProgress (1): 5.5/5.6 MBProgress (1): 5.5/5.6 MBProgress (1): 5.5/5.6 MBProgress (1): 5.5/5.6 MBProgress (1): 5.5/5.6 MBProgress (1): 5.5/5.6 MBProgress (1): 5.5/5.6 MBProgress (1): 5.5/5.6 MBProgress (1): 5.5/5.6 MBProgress (1): 5.5/5.6 MBProgress (1): 5.5/5.6 MBProgress (1): 5.5/5.6 MBProgress (1): 5.5/5.6 MBProgress (1): 5.5/5.6 MBProgress (1): 5.5/5.6 MBProgress (1): 5.5/5.6 MBProgress (1): 5.5/5.6 MBProgress (1): 5.5/5.6 MBProgress (1): 5.5/5.6 MBProgress (1): 5.5/5.6 MBProgress (1): 5.5/5.6 MBProgress (1): 5.6/5.6 MBProgress (1): 5.6/5.6 MBProgress (1): 5.6/5.6 MBProgress (1): 5.6/5.6 MBProgress (1): 5.6/5.6 MBProgress (1): 5.6/5.6 MBProgress (1): 5.6/5.6 MBProgress (1): 5.6/5.6 MBProgress (1): 5.6/5.6 MBProgress (1): 5.6/5.6 MBProgress (1): 5.6/5.6 MBProgress (1): 5.6/5.6 MBProgress (1): 5.6/5.6 MBProgress (1): 5.6/5.6 MBProgress (1): 5.6/5.6 MBProgress (1): 5.6/5.6 MBProgress (1): 5.6/5.6 MBProgress (1): 5.6/5.6 MBProgress (1): 5.6/5.6 MBProgress (1): 5.6/5.6 MBProgress (1): 5.6/5.6 MBProgress (1): 5.6/5.6 MBProgress (1): 5.6/5.6 MBProgress (1): 5.6/5.6 MBProgress (1): 5.6/5.6 MBProgress (1): 5.6/5.6 MBProgress (1): 5.6/5.6 MBProgress (1): 5.6/5.6 MBProgress (1): 5.6/5.6 MBProgress (1): 5.6/5.6 MBProgress (1): 5.6 MB                        Uploaded to nexus: http://localhost:8081/repository/maven-snapshots/com/epam/training/sports-betting-application-app/1.0-SNAPSHOT/sports-betting-application-app-1.0-20181121.125605-2-jar-with-dependencies.jar (5.6 MB at 2.5 MB/s)
Uploading to nexus: http://localhost:8081/repository/maven-snapshots/com/epam/training/sports-betting-application-app/1.0-SNAPSHOT/maven-metadata.xml
Progress (1): 1.0 kB                    Uploaded to nexus: http://localhost:8081/repository/maven-snapshots/com/epam/training/sports-betting-application-app/1.0-SNAPSHOT/maven-metadata.xml (1.0 kB at 4.6 kB/s)
[INFO] ------------------------------------------------------------------------
[INFO] Reactor Summary:
[INFO] 
[INFO] runner-betting-application 1.0-SNAPSHOT ............ SUCCESS [  5.860 s]
[INFO] sports-betting-application-domain .................. SUCCESS [  7.073 s]
[INFO] sports-betting-application-app 1.0-SNAPSHOT ........ SUCCESS [ 25.298 s]
[INFO] ------------------------------------------------------------------------
[INFO] BUILD SUCCESS
[INFO] ------------------------------------------------------------------------
[INFO] Total time: 38.492 s
[INFO] Finished at: 2018-11-21T14:56:09+02:00
[INFO] ------------------------------------------------------------------------
[8mha:////4IBiry2wiCUY7+YfX3mINPngwh+PiYhovkDD9U+MxVc6AAAAox+LCAAAAAAAAP9tjTESwiAURH/iWNhaeggyGUvHypah8QSYIEKY/wkQSeWJvJp3EM2MlVvs7NvmPV+wjgGOFDSzCgeDsTPMu0mXxTKF4eooM0sX1hFGcooJlQX16rSgoKRgSVXDisNGYecoGtQJttzKu2ycRN2cUyjfgUNt+hEeUPFiTjKkL8wBdrepj4Q/z18BzN4nqNv9p9o3geV5574AAAA=[0m[Pipeline] }
[8mha:////4Lp4RDYQcfltlIdEgs3/ciykx4KBypLnS23r0qejYhYWAAAApB+LCAAAAAAAAP9tjTEOwjAQBC9BFLSUPOICEh2iSmu54QUmNsaJdWdsh6TiRXyNPxCIRMUWq51t5vmCZYpw5GixNdQ5So3D4Hs7LRw4dhfPA7Z8xoYpsTcozSBZm3pGydnAnKKEhYCVocZzcmQzrEWr7qryimx1ynH6DgJKp2/wgEJM5qxi/sIYYXPtdWL6ef4KYAwhQ7nbf2r7Bq/le42+AAAA[0m[Pipeline] // stage
[8mha:////4JULY2npO4FHDmBVE2h2aBhuFvM+VmXxAGtRiI+2JkGuAAAAox+LCAAAAAAAAP9tjTEOwjAQBDdBFLSUPMIRElSIitZKwwtMYowT6y7YF5KKF/E1/kBEJCq22plmXm8sU8SRo1ONpdZTqrzqQu+mpwaO7TXwoBq+qIopcbCqtEPJtT3NWLJYzMtyLDRWlqrAyZMTrHVjHqYIhlxxlji5g0bu6zueyPRUFhPlC2PE5tbXienX+RvA2HWCfLsXZLsP9aSlGr0AAAA=[0m[Pipeline] }
[8mha:////4DmJviQWwUJ4fBh3nSjcYDE5JnOF7r/uioaZY4KIsg5zAAAApB+LCAAAAAAAAP9tjTEOwjAQBDdBFLSUPMIRQqJBVLRWGl5gEmOcWHfBvpBUvIiv8QciIlGx1c4083pjmSKOHJ1qLLWeUuVVF3o3PTVwbK+BB9XwRVVMiYNVpR1Kru1pxpLFYl6WY6GxslQFTp6cYK0b8zBFMOSKs8TJHTRyX9/xRKanspgoXxgjNre+Tky/zt8Axq4T5Nu9INt9AIZLYcO9AAAA[0m[Pipeline] // node
[8mha:////4Bxov7Xgd0I2ylrK+pYOz2jVXZumNOWyhCRIzETReCS/AAAAox+LCAAAAAAAAP9tjTEOwjAQBDdBFLSUPMIRNBSIitZKwwtMYowT6y7YF5KKF/E1/kBEJCq22plmXm8sU8SRo1ONpdZTqrzqQu+mpwaO7TXwoBq+qIopcbCqtEPJtT3NWLJYzMtyLDRWlqrAyZMTrHVjHqYIhlxxlji5g0bu6zueyPRUFhPlC2PE5tbXienX+RvA2HWCfLsXZLsPoFIGib0AAAA=[0m[Pipeline] End of Pipeline
Finished: SUCCESS
